# Logfile created on Mon Jun 22 11:50:41 -0700 2009  [4;36;1mSQL (0.2ms)[0m   [0;1mSET NAMES 'utf8'[0m
  [4;35;1mSQL (0.2ms)[0m   [0mSET SQL_AUTO_IS_NULL=0[0m
  [4;36;1mUser Columns (1.4ms)[0m   [0;1mSHOW FIELDS FROM `users`[0m
  [4;35;1mSQL (0.1ms)[0m   [0mBEGIN[0m
  [4;36;1mSQL (0.1ms)[0m   [0;1mROLLBACK[0m
  [4;36;1mSQL (0.2ms)[0m   [0;1mSET NAMES 'utf8'[0m
  [4;35;1mSQL (0.2ms)[0m   [0mSET SQL_AUTO_IS_NULL=0[0m
  [4;36;1mUser Columns (1.3ms)[0m   [0;1mSHOW FIELDS FROM `users`[0m
  [4;35;1mSQL (0.1ms)[0m   [0mBEGIN[0m
  [4;36;1mSQL (0.1ms)[0m   [0;1mROLLBACK[0m
  [4;36;1mSQL (0.2ms)[0m   [0;1mSET NAMES 'utf8'[0m
  [4;35;1mSQL (0.2ms)[0m   [0mSET SQL_AUTO_IS_NULL=0[0m
  [4;36;1mUser Columns (1.3ms)[0m   [0;1mSHOW FIELDS FROM `users`[0m
  [4;35;1mSQL (0.1ms)[0m   [0mBEGIN[0m
  [4;36;1mSQL (0.1ms)[0m   [0;1mROLLBACK[0m
  [4;36;1mSQL (0.2ms)[0m   [0;1mSET NAMES 'utf8'[0m
  [4;35;1mSQL (0.2ms)[0m   [0mSET SQL_AUTO_IS_NULL=0[0m
  [4;36;1mUser Columns (1.4ms)[0m   [0;1mSHOW FIELDS FROM `users`[0m
  [4;35;1mSQL (0.1ms)[0m   [0mBEGIN[0m
  [4;36;1mSQL (0.1ms)[0m   [0;1mROLLBACK[0m
  [4;36;1mSQL (0.2ms)[0m   [0;1mSET NAMES 'utf8'[0m
  [4;35;1mSQL (0.2ms)[0m   [0mSET SQL_AUTO_IS_NULL=0[0m
  [4;36;1mUser Columns (1.4ms)[0m   [0;1mSHOW FIELDS FROM `users`[0m
  [4;35;1mSQL (0.1ms)[0m   [0mBEGIN[0m
  [4;36;1mSQL (0.1ms)[0m   [0;1mROLLBACK[0m
  [4;36;1mSQL (0.2ms)[0m   [0;1mSET NAMES 'utf8'[0m
  [4;35;1mSQL (0.2ms)[0m   [0mSET SQL_AUTO_IS_NULL=0[0m
  [4;36;1mUser Columns (1.3ms)[0m   [0;1mSHOW FIELDS FROM `users`[0m
  [4;35;1mSQL (0.2ms)[0m   [0mBEGIN[0m
  [4;36;1mSQL (0.1ms)[0m   [0;1mROLLBACK[0m
  [4;36;1mSQL (0.2ms)[0m   [0;1mSET NAMES 'utf8'[0m
  [4;35;1mSQL (0.2ms)[0m   [0mSET SQL_AUTO_IS_NULL=0[0m
  [4;36;1mUser Columns (1.4ms)[0m   [0;1mSHOW FIELDS FROM `users`[0m
  [4;35;1mSQL (0.1ms)[0m   [0mBEGIN[0m
  [4;36;1mSQL (0.1ms)[0m   [0;1mROLLBACK[0m
  [4;36;1mSQL (0.2ms)[0m   [0;1mSET NAMES 'utf8'[0m
  [4;35;1mSQL (0.2ms)[0m   [0mSET SQL_AUTO_IS_NULL=0[0m
  [4;36;1mUser Columns (1.4ms)[0m   [0;1mSHOW FIELDS FROM `users`[0m
  [4;35;1mSQL (0.1ms)[0m   [0mBEGIN[0m
  [4;36;1mSQL (0.1ms)[0m   [0;1mROLLBACK[0m
  [4;36;1mSQL (0.2ms)[0m   [0;1mSET NAMES 'utf8'[0m
  [4;35;1mSQL (0.2ms)[0m   [0mSET SQL_AUTO_IS_NULL=0[0m
  [4;36;1mUser Columns (1.4ms)[0m   [0;1mSHOW FIELDS FROM `users`[0m
  [4;35;1mSQL (0.1ms)[0m   [0mBEGIN[0m
  [4;36;1mSQL (0.1ms)[0m   [0;1mROLLBACK[0m
  [4;36;1mSQL (0.2ms)[0m   [0;1mSET NAMES 'utf8'[0m
  [4;35;1mSQL (0.2ms)[0m   [0mSET SQL_AUTO_IS_NULL=0[0m
  [4;36;1mUser Columns (1.4ms)[0m   [0;1mSHOW FIELDS FROM `users`[0m
  [4;35;1mSQL (0.1ms)[0m   [0mBEGIN[0m
REQUESTING PAGE: GET / with {} and HTTP headers {}


Processing ApplicationController#index (for 127.0.0.1 at 2009-06-22 16:08:26) [GET]
  [4;36;1mSQL (0.1ms)[0m   [0;1mROLLBACK[0m
  [4;36;1mSQL (0.2ms)[0m   [0;1mSET NAMES 'utf8'[0m
  [4;35;1mSQL (0.2ms)[0m   [0mSET SQL_AUTO_IS_NULL=0[0m
  [4;36;1mUser Columns (11.1ms)[0m   [0;1mSHOW FIELDS FROM `users`[0m
  [4;35;1mSQL (0.1ms)[0m   [0mBEGIN[0m
REQUESTING PAGE: GET /home with {} and HTTP headers {}


Processing HomeController#index (for 127.0.0.1 at 2009-06-22 16:09:16) [GET]
  [4;36;1mUser Load (0.4ms)[0m   [0;1mSELECT * FROM `users` [0m
Rendering home/index
Rendered home/_signup_form (8.9ms)
Completed in 83ms (View: 77, DB: 12) | 200 OK [http://www.example.com/home]
  [4;35;1mSQL (0.2ms)[0m   [0mROLLBACK[0m
  [4;36;1mSQL (0.2ms)[0m   [0;1mSET NAMES 'utf8'[0m
  [4;35;1mSQL (0.2ms)[0m   [0mSET SQL_AUTO_IS_NULL=0[0m
  [4;36;1mUser Columns (1.3ms)[0m   [0;1mSHOW FIELDS FROM `users`[0m
  [4;35;1mSQL (0.1ms)[0m   [0mBEGIN[0m
REQUESTING PAGE: GET /home with {} and HTTP headers {}


Processing HomeController#index (for 127.0.0.1 at 2009-06-22 16:09:58) [GET]
  [4;36;1mUser Load (0.4ms)[0m   [0;1mSELECT * FROM `users` [0m
Rendering home/index
Rendered home/_signup_form (5.6ms)
Completed in 64ms (View: 58, DB: 2) | 200 OK [http://www.example.com/home]
  [4;35;1mSQL (0.2ms)[0m   [0mROLLBACK[0m
  [4;36;1mSQL (0.6ms)[0m   [0;1mSET NAMES 'utf8'[0m
  [4;35;1mSQL (0.2ms)[0m   [0mSET SQL_AUTO_IS_NULL=0[0m
  [4;36;1mUser Columns (1.4ms)[0m   [0;1mSHOW FIELDS FROM `users`[0m
  [4;35;1mSQL (0.4ms)[0m   [0mBEGIN[0m
REQUESTING PAGE: GET /home with {} and HTTP headers {}


Processing HomeController#index (for 127.0.0.1 at 2009-06-22 16:10:52) [GET]
  [4;36;1mUser Load (0.4ms)[0m   [0;1mSELECT * FROM `users` [0m
Rendering home/index
Rendered home/_signup_form (6.1ms)
Completed in 67ms (View: 61, DB: 3) | 200 OK [http://www.example.com/home]
  [4;35;1mSQL (0.2ms)[0m   [0mROLLBACK[0m
  [4;36;1mSQL (0.2ms)[0m   [0;1mSET NAMES 'utf8'[0m
  [4;35;1mSQL (0.2ms)[0m   [0mSET SQL_AUTO_IS_NULL=0[0m
  [4;36;1mUser Columns (1.4ms)[0m   [0;1mSHOW FIELDS FROM `users`[0m
  [4;35;1mSQL (0.1ms)[0m   [0mBEGIN[0m
REQUESTING PAGE: GET /home with {} and HTTP headers {}


Processing HomeController#index (for 127.0.0.1 at 2009-06-22 16:12:01) [GET]
  [4;36;1mUser Load (0.4ms)[0m   [0;1mSELECT * FROM `users` [0m
Rendering home/index
Rendered home/_signup_form (5.1ms)
Completed in 79ms (View: 72, DB: 2) | 200 OK [http://www.example.com/home]
  [4;35;1mSQL (0.2ms)[0m   [0mROLLBACK[0m
  [4;36;1mSQL (0.2ms)[0m   [0;1mSET NAMES 'utf8'[0m
  [4;35;1mSQL (0.2ms)[0m   [0mSET SQL_AUTO_IS_NULL=0[0m
  [4;36;1mUser Columns (1.4ms)[0m   [0;1mSHOW FIELDS FROM `users`[0m
  [4;35;1mSQL (0.1ms)[0m   [0mBEGIN[0m
REQUESTING PAGE: GET /home/signup_form with {} and HTTP headers {}


Processing HomeController#signup_form (for 127.0.0.1 at 2009-06-22 16:30:32) [GET]
Rendering home/signup_form
Rendered home/_signup_form (18.5ms)
Completed in 59ms (View: 54, DB: 2) | 200 OK [http://www.example.com/home/signup_form]
  [4;36;1mSQL (0.1ms)[0m   [0;1mROLLBACK[0m
  [4;36;1mSQL (0.2ms)[0m   [0;1mSET NAMES 'utf8'[0m
  [4;35;1mSQL (0.2ms)[0m   [0mSET SQL_AUTO_IS_NULL=0[0m
  [4;36;1mUser Columns (1.4ms)[0m   [0;1mSHOW FIELDS FROM `users`[0m
  [4;35;1mSQL (0.1ms)[0m   [0mBEGIN[0m
REQUESTING PAGE: GET /home/signup_form with {} and HTTP headers {}


Processing HomeController#signup_form (for 127.0.0.1 at 2009-06-22 16:31:08) [GET]
Rendering home/signup_form
Rendered home/_signup_form (19.0ms)
Completed in 62ms (View: 57, DB: 2) | 200 OK [http://www.example.com/home/signup_form]
REQUESTING PAGE: POST /home/signup with {"commit"=>"Sign up", "user"=>{"name"=>"name_1", "password_confirmation"=>"", "password"=>"password_1", "email"=>"myemail@server.com"}} and HTTP headers {"HTTP_REFERER"=>"/home/signup_form"}


Processing HomeController#signup (for 127.0.0.1 at 2009-06-22 16:31:08) [POST]
  Parameters: {"commit"=>"Sign up", "user"=>{"name"=>"name_1", "password_confirmation"=>"", "password"=>"password_1", "email"=>"myemail@server.com"}}
  [4;36;1mSQL (0.4ms)[0m   [0;1mSAVEPOINT active_record_1[0m
  [4;35;1mUser Exists (0.7ms)[0m   [0mSELECT `users`.id FROM `users` WHERE (LOWER(`users`.`email`) = BINARY 'myemail@server.com') LIMIT 1[0m
  [4;36;1mUser Exists (0.5ms)[0m   [0;1mSELECT `users`.id FROM `users` WHERE (LOWER(`users`.`name`) = BINARY 'name_1') LIMIT 1[0m
  [4;35;1mSQL (0.2ms)[0m   [0mROLLBACK TO SAVEPOINT active_record_1[0m


Processing ApplicationController#signup (for 127.0.0.1 at 2009-06-22 16:31:09) [POST]
  Parameters: {"commit"=>"Sign up", "user"=>{"name"=>"name_1", "password_confirmation"=>"", "password"=>"password_1", "email"=>"myemail@server.com"}}
  [4;36;1mSQL (0.1ms)[0m   [0;1mROLLBACK[0m
  [4;36;1mSQL (0.8ms)[0m   [0;1mSET NAMES 'utf8'[0m
  [4;35;1mSQL (0.2ms)[0m   [0mSET SQL_AUTO_IS_NULL=0[0m
  [4;36;1mUser Columns (1.3ms)[0m   [0;1mSHOW FIELDS FROM `users`[0m
  [4;35;1mSQL (0.1ms)[0m   [0mBEGIN[0m
REQUESTING PAGE: GET /home/signup_form with {} and HTTP headers {}


Processing HomeController#signup_form (for 127.0.0.1 at 2009-06-22 16:34:30) [GET]
Rendering home/signup_form
Completed in 56ms (View: 52, DB: 2) | 200 OK [http://www.example.com/home/signup_form]
  [4;36;1mSQL (0.1ms)[0m   [0;1mROLLBACK[0m
  [4;36;1mSQL (0.2ms)[0m   [0;1mSET NAMES 'utf8'[0m
  [4;35;1mSQL (0.2ms)[0m   [0mSET SQL_AUTO_IS_NULL=0[0m
  [4;36;1mUser Columns (1.3ms)[0m   [0;1mSHOW FIELDS FROM `users`[0m
  [4;35;1mSQL (0.1ms)[0m   [0mBEGIN[0m
REQUESTING PAGE: GET /home/signup_form with {} and HTTP headers {}


Processing HomeController#signup_form (for 127.0.0.1 at 2009-06-22 16:38:56) [GET]
Rendering home/signup_form
Completed in 49ms (View: 44, DB: 2) | 200 OK [http://www.example.com/home/signup_form]
REQUESTING PAGE: POST /home/signup with {"commit"=>"Sign up", "user"=>{"name"=>"name_1", "password_confirmation"=>"", "password"=>"password_1", "email"=>"myemail@server.com"}} and HTTP headers {"HTTP_REFERER"=>"/home/signup_form"}


Processing HomeController#signup (for 127.0.0.1 at 2009-06-22 16:38:56) [POST]
  Parameters: {"commit"=>"Sign up", "user"=>{"name"=>"name_1", "password_confirmation"=>"", "password"=>"password_1", "email"=>"myemail@server.com"}}
  [4;36;1mSQL (0.2ms)[0m   [0;1mSAVEPOINT active_record_1[0m
  [4;35;1mUser Exists (0.4ms)[0m   [0mSELECT `users`.id FROM `users` WHERE (LOWER(`users`.`email`) = BINARY 'myemail@server.com') LIMIT 1[0m
  [4;36;1mUser Exists (0.4ms)[0m   [0;1mSELECT `users`.id FROM `users` WHERE (LOWER(`users`.`name`) = BINARY 'name_1') LIMIT 1[0m
  [4;35;1mSQL (0.2ms)[0m   [0mROLLBACK TO SAVEPOINT active_record_1[0m


Processing ApplicationController#signup (for 127.0.0.1 at 2009-06-22 16:38:56) [POST]
  Parameters: {"commit"=>"Sign up", "user"=>{"name"=>"name_1", "password_confirmation"=>"", "password"=>"password_1", "email"=>"myemail@server.com"}}
  [4;36;1mSQL (0.1ms)[0m   [0;1mROLLBACK[0m
  [4;36;1mSQL (0.2ms)[0m   [0;1mSET NAMES 'utf8'[0m
  [4;35;1mSQL (0.2ms)[0m   [0mSET SQL_AUTO_IS_NULL=0[0m
  [4;36;1mUser Columns (1.4ms)[0m   [0;1mSHOW FIELDS FROM `users`[0m
  [4;35;1mSQL (0.1ms)[0m   [0mBEGIN[0m
REQUESTING PAGE: GET /home/signup_form with {} and HTTP headers {}


Processing HomeController#signup_form (for 127.0.0.1 at 2009-06-22 16:39:39) [GET]
Rendering home/signup_form
Completed in 59ms (View: 55, DB: 2) | 200 OK [http://www.example.com/home/signup_form]
  [4;36;1mSQL (0.1ms)[0m   [0;1mROLLBACK[0m
  [4;36;1mSQL (0.2ms)[0m   [0;1mSET NAMES 'utf8'[0m
  [4;35;1mSQL (0.2ms)[0m   [0mSET SQL_AUTO_IS_NULL=0[0m
  [4;36;1mUser Columns (1.3ms)[0m   [0;1mSHOW FIELDS FROM `users`[0m
  [4;35;1mSQL (0.1ms)[0m   [0mBEGIN[0m
REQUESTING PAGE: GET /home/signup_form with {} and HTTP headers {}


Processing HomeController#signup_form (for 127.0.0.1 at 2009-06-22 16:41:36) [GET]
Rendering home/signup_form
Completed in 66ms (View: 31, DB: 2) | 200 OK [http://www.example.com/home/signup_form]
  [4;36;1mSQL (0.1ms)[0m   [0;1mROLLBACK[0m
  [4;36;1mSQL (0.2ms)[0m   [0;1mSET NAMES 'utf8'[0m
  [4;35;1mSQL (0.2ms)[0m   [0mSET SQL_AUTO_IS_NULL=0[0m
  [4;36;1mUser Columns (1.3ms)[0m   [0;1mSHOW FIELDS FROM `users`[0m
  [4;35;1mSQL (0.1ms)[0m   [0mBEGIN[0m
REQUESTING PAGE: GET /home/signup_form with {} and HTTP headers {}


Processing HomeController#signup_form (for 127.0.0.1 at 2009-06-22 16:59:07) [GET]
Rendering home/signup_form
Completed in 51ms (View: 47, DB: 2) | 200 OK [http://www.example.com/home/signup_form]
  [4;36;1mSQL (0.1ms)[0m   [0;1mROLLBACK[0m
  [4;36;1mSQL (0.2ms)[0m   [0;1mSET NAMES 'utf8'[0m
  [4;35;1mSQL (0.2ms)[0m   [0mSET SQL_AUTO_IS_NULL=0[0m
  [4;36;1mUser Columns (1.3ms)[0m   [0;1mSHOW FIELDS FROM `users`[0m
  [4;35;1mSQL (0.4ms)[0m   [0mBEGIN[0m
REQUESTING PAGE: GET /home/signup_form with {} and HTTP headers {}


Processing HomeController#signup_form (for 127.0.0.1 at 2009-06-22 17:00:38) [GET]
Rendering home/signup_form
Completed in 49ms (View: 44, DB: 2) | 200 OK [http://www.example.com/home/signup_form]
  [4;36;1mSQL (0.1ms)[0m   [0;1mROLLBACK[0m
  [4;36;1mSQL (0.2ms)[0m   [0;1mSET NAMES 'utf8'[0m
  [4;35;1mSQL (0.2ms)[0m   [0mSET SQL_AUTO_IS_NULL=0[0m
  [4;36;1mUser Columns (1.3ms)[0m   [0;1mSHOW FIELDS FROM `users`[0m
  [4;35;1mSQL (0.1ms)[0m   [0mBEGIN[0m
REQUESTING PAGE: GET /home/signup_form with {} and HTTP headers {}


Processing HomeController#signup_form (for 127.0.0.1 at 2009-06-22 17:02:55) [GET]
Rendering home/signup_form
Completed in 49ms (View: 44, DB: 2) | 200 OK [http://www.example.com/home/signup_form]
  [4;36;1mSQL (0.1ms)[0m   [0;1mROLLBACK[0m
  [4;36;1mSQL (0.2ms)[0m   [0;1mSET NAMES 'utf8'[0m
  [4;35;1mSQL (0.2ms)[0m   [0mSET SQL_AUTO_IS_NULL=0[0m
  [4;36;1mUser Columns (1.3ms)[0m   [0;1mSHOW FIELDS FROM `users`[0m
  [4;35;1mSQL (0.1ms)[0m   [0mBEGIN[0m
REQUESTING PAGE: GET /home/signup_form with {} and HTTP headers {}


Processing HomeController#signup_form (for 127.0.0.1 at 2009-06-22 17:06:08) [GET]
Rendering home/signup_form
Completed in 63ms (View: 58, DB: 2) | 200 OK [http://www.example.com/home/signup_form]
  [4;36;1mSQL (0.1ms)[0m   [0;1mROLLBACK[0m
  [4;36;1mSQL (0.2ms)[0m   [0;1mSET NAMES 'utf8'[0m
  [4;35;1mSQL (0.2ms)[0m   [0mSET SQL_AUTO_IS_NULL=0[0m
  [4;36;1mUser Columns (3.0ms)[0m   [0;1mSHOW FIELDS FROM `users`[0m
  [4;35;1mSQL (0.1ms)[0m   [0mBEGIN[0m
REQUESTING PAGE: GET /home/signup_form with {} and HTTP headers {}


Processing HomeController#signup_form (for 127.0.0.1 at 2009-06-22 17:10:52) [GET]
Rendering home/signup_form
Completed in 58ms (View: 54, DB: 4) | 200 OK [http://www.example.com/home/signup_form]
  [4;36;1mSQL (0.1ms)[0m   [0;1mROLLBACK[0m
  [4;36;1mSQL (0.2ms)[0m   [0;1mSET NAMES 'utf8'[0m
  [4;35;1mSQL (0.2ms)[0m   [0mSET SQL_AUTO_IS_NULL=0[0m
  [4;36;1mUser Columns (1.3ms)[0m   [0;1mSHOW FIELDS FROM `users`[0m
  [4;35;1mSQL (0.1ms)[0m   [0mBEGIN[0m
REQUESTING PAGE: GET /home/signup_form with {} and HTTP headers {}


Processing HomeController#signup_form (for 127.0.0.1 at 2009-06-22 17:12:54) [GET]
Rendering home/signup_form
Completed in 60ms (View: 55, DB: 2) | 200 OK [http://www.example.com/home/signup_form]
REQUESTING PAGE: POST /home/signup with {"commit"=>"Sign up", "user"=>{"name"=>"name_1", "password_confirmation"=>"password_1", "password"=>"password_1", "email"=>"myemail@server.com"}} and HTTP headers {"HTTP_REFERER"=>"/home/signup_form"}


Processing HomeController#signup (for 127.0.0.1 at 2009-06-22 17:12:54) [POST]
  Parameters: {"commit"=>"Sign up", "user"=>{"name"=>"name_1", "password_confirmation"=>"password_1", "password"=>"password_1", "email"=>"myemail@server.com"}}
  [4;36;1mSQL (0.2ms)[0m   [0;1mSAVEPOINT active_record_1[0m
  [4;35;1mUser Exists (0.4ms)[0m   [0mSELECT `users`.id FROM `users` WHERE (LOWER(`users`.`email`) = BINARY 'myemail@server.com') LIMIT 1[0m
  [4;36;1mUser Exists (0.4ms)[0m   [0;1mSELECT `users`.id FROM `users` WHERE (LOWER(`users`.`name`) = BINARY 'name_1') LIMIT 1[0m
  [4;35;1mUser Create (0.5ms)[0m   [0mINSERT INTO `users` (`name`, `created_at`, `money`, `updated_at`, `password`, `email`) VALUES('name_1', '2009-06-23 00:12:55', 1000, '2009-06-23 00:12:55', 'password_1', 'myemail@server.com')[0m
  [4;36;1mSQL (0.2ms)[0m   [0;1mRELEASE SAVEPOINT active_record_1[0m
Redirected to http://www.example.com/home/me
Completed in 376ms (DB: 2) | 302 Found [http://www.example.com/home/signup]
REQUESTING PAGE: GET http://www.example.com/home/me with {} and HTTP headers {"HTTP_REFERER"=>"/home/signup"}


Processing HomeController#me (for 127.0.0.1 at 2009-06-22 17:12:55) [GET]
Redirected to http://www.example.com/home
Completed in 1ms (DB: 0) | 302 Found [http://www.example.com/home/me]
REQUESTING PAGE: GET http://www.example.com/home with {} and HTTP headers {"HTTP_REFERER"=>"http://www.example.com/home/me"}


Processing HomeController#index (for 127.0.0.1 at 2009-06-22 17:12:55) [GET]
  [4;35;1mUser Load (0.4ms)[0m   [0mSELECT * FROM `users` [0m
Rendering home/index
Completed in 9ms (View: 7, DB: 0) | 200 OK [http://www.example.com/home]
  [4;36;1mSQL (43.7ms)[0m   [0;1mROLLBACK[0m
  [4;36;1mSQL (0.2ms)[0m   [0;1mSET NAMES 'utf8'[0m
  [4;35;1mSQL (0.2ms)[0m   [0mSET SQL_AUTO_IS_NULL=0[0m
  [4;36;1mUser Columns (1.4ms)[0m   [0;1mSHOW FIELDS FROM `users`[0m
  [4;35;1mSQL (0.1ms)[0m   [0mBEGIN[0m
REQUESTING PAGE: GET /home/signup_form with {} and HTTP headers {}


Processing HomeController#signup_form (for 127.0.0.1 at 2009-06-22 17:24:17) [GET]
Rendering home/signup_form
Completed in 50ms (View: 45, DB: 2) | 200 OK [http://www.example.com/home/signup_form]
REQUESTING PAGE: POST /home/signup with {"commit"=>"Sign up", "user"=>{"name"=>"name_1", "password_confirmation"=>"password_1", "password"=>"password_1", "email"=>"myemail@server.com"}} and HTTP headers {"HTTP_REFERER"=>"/home/signup_form"}


Processing HomeController#signup (for 127.0.0.1 at 2009-06-22 17:24:17) [POST]
  Parameters: {"commit"=>"Sign up", "user"=>{"name"=>"name_1", "password_confirmation"=>"password_1", "password"=>"password_1", "email"=>"myemail@server.com"}}
  [4;36;1mSQL (0.1ms)[0m   [0;1mSAVEPOINT active_record_1[0m
  [4;35;1mUser Exists (0.5ms)[0m   [0mSELECT `users`.id FROM `users` WHERE (LOWER(`users`.`email`) = BINARY 'myemail@server.com') LIMIT 1[0m
  [4;36;1mUser Exists (0.4ms)[0m   [0;1mSELECT `users`.id FROM `users` WHERE (LOWER(`users`.`name`) = BINARY 'name_1') LIMIT 1[0m
  [4;35;1mUser Create (0.4ms)[0m   [0mINSERT INTO `users` (`name`, `created_at`, `money`, `updated_at`, `password`, `email`) VALUES('name_1', '2009-06-23 00:24:18', 1000, '2009-06-23 00:24:18', 'password_1', 'myemail@server.com')[0m
  [4;36;1mSQL (0.2ms)[0m   [0;1mRELEASE SAVEPOINT active_record_1[0m
Redirected to http://www.example.com/home/confirm_signup
Completed in 375ms (DB: 2) | 302 Found [http://www.example.com/home/signup]
REQUESTING PAGE: GET http://www.example.com/home/confirm_signup with {} and HTTP headers {"HTTP_REFERER"=>"/home/signup"}


Processing HomeController#confirm_signup (for 127.0.0.1 at 2009-06-22 17:24:18) [GET]
Rendering home/confirm_signup
Completed in 3ms (View: 2, DB: 0) | 200 OK [http://www.example.com/home/confirm_signup]
  [4;35;1mSQL (6.1ms)[0m   [0mROLLBACK[0m
  [4;36;1mSQL (0.2ms)[0m   [0;1mSET NAMES 'utf8'[0m
  [4;35;1mSQL (0.2ms)[0m   [0mSET SQL_AUTO_IS_NULL=0[0m
  [4;36;1mUser Columns (1.2ms)[0m   [0;1mSHOW FIELDS FROM `users`[0m
  [4;35;1mSQL (0.2ms)[0m   [0mBEGIN[0m
REQUESTING PAGE: GET /home/signup_form with {} and HTTP headers {}


Processing HomeController#signup_form (for 127.0.0.1 at 2009-06-22 17:34:24) [GET]
Rendering home/signup_form
Completed in 60ms (View: 56, DB: 2) | 200 OK [http://www.example.com/home/signup_form]
REQUESTING PAGE: POST /home/signup with {"commit"=>"Sign up", "user"=>{"name"=>"name_1", "password_confirmation"=>"password_1", "password"=>"password_1", "email"=>"myemail@server.com"}} and HTTP headers {"HTTP_REFERER"=>"/home/signup_form"}


Processing HomeController#signup (for 127.0.0.1 at 2009-06-22 17:34:24) [POST]
  Parameters: {"commit"=>"Sign up", "user"=>{"name"=>"name_1", "password_confirmation"=>"password_1", "password"=>"password_1", "email"=>"myemail@server.com"}}
  [4;36;1mSQL (10.3ms)[0m   [0;1mSAVEPOINT active_record_1[0m
  [4;35;1mUser Exists (0.5ms)[0m   [0mSELECT `users`.id FROM `users` WHERE (LOWER(`users`.`email`) = BINARY 'myemail@server.com') LIMIT 1[0m
  [4;36;1mUser Exists (0.5ms)[0m   [0;1mSELECT `users`.id FROM `users` WHERE (LOWER(`users`.`name`) = BINARY 'name_1') LIMIT 1[0m
  [4;35;1mUser Create (0.4ms)[0m   [0mINSERT INTO `users` (`name`, `created_at`, `money`, `updated_at`, `password`, `email`) VALUES('name_1', '2009-06-23 00:34:25', 1000, '2009-06-23 00:34:25', 'password_1', 'myemail@server.com')[0m
  [4;36;1mSQL (0.2ms)[0m   [0;1mRELEASE SAVEPOINT active_record_1[0m
Redirected to http://www.example.com/home/confirm_signup
Completed in 393ms (DB: 12) | 302 Found [http://www.example.com/home/signup]
REQUESTING PAGE: GET http://www.example.com/home/confirm_signup with {} and HTTP headers {"HTTP_REFERER"=>"/home/signup"}


Processing HomeController#confirm_signup (for 127.0.0.1 at 2009-06-22 17:34:25) [GET]
Rendering home/confirm_signup
Completed in 3ms (View: 2, DB: 0) | 200 OK [http://www.example.com/home/confirm_signup]
  [4;35;1mSQL (2.7ms)[0m   [0mROLLBACK[0m
  [4;36;1mSQL (0.2ms)[0m   [0;1mBEGIN[0m
REQUESTING PAGE: GET /home/signup_form with {} and HTTP headers {}


Processing HomeController#signup_form (for 127.0.0.1 at 2009-06-22 17:34:25) [GET]
Rendering home/signup_form
Completed in 5ms (View: 4, DB: 3) | 200 OK [http://www.example.com/home/signup_form]
REQUESTING PAGE: POST /home/signup with {"commit"=>"Sign up", "user"=>{"name"=>"name_1", "password_confirmation"=>"p2", "password"=>"p", "email"=>"myemail@server.com"}} and HTTP headers {"HTTP_REFERER"=>"/home/signup_form"}


Processing HomeController#signup (for 127.0.0.1 at 2009-06-22 17:34:25) [POST]
  Parameters: {"commit"=>"Sign up", "user"=>{"name"=>"name_1", "password_confirmation"=>"p2", "password"=>"p", "email"=>"myemail@server.com"}}
  [4;35;1mSQL (4.3ms)[0m   [0mSAVEPOINT active_record_1[0m
  [4;36;1mUser Exists (5.8ms)[0m   [0;1mSELECT `users`.id FROM `users` WHERE (LOWER(`users`.`email`) = BINARY 'myemail@server.com') LIMIT 1[0m
  [4;35;1mUser Exists (0.5ms)[0m   [0mSELECT `users`.id FROM `users` WHERE (LOWER(`users`.`name`) = BINARY 'name_1') LIMIT 1[0m
  [4;36;1mSQL (6.9ms)[0m   [0;1mROLLBACK TO SAVEPOINT active_record_1[0m
Rendering home/signup
Completed in 33ms (View: 7, DB: 17) | 200 OK [http://www.example.com/home/signup]
  [4;35;1mSQL (3.6ms)[0m   [0mROLLBACK[0m
