# Logfile created on Sun Jun 21 22:05:56 -0700 2009  [4;36;1mSQL (0.2ms)[0m   [0;1mSET NAMES 'utf8'[0m
  [4;35;1mSQL (0.2ms)[0m   [0mSET SQL_AUTO_IS_NULL=0[0m
  [4;36;1mSQL (0.5ms)[0m   [0;1mSHOW TABLES[0m
  [4;35;1mSQL (0.6ms)[0m   [0mSELECT version FROM schema_migrations[0m
  [4;36;1mSQL (0.2ms)[0m   [0;1mSET NAMES 'utf8'[0m
  [4;35;1mSQL (0.2ms)[0m   [0mSET SQL_AUTO_IS_NULL=0[0m
  [4;36;1mSQL (0.5ms)[0m   [0;1mSHOW TABLES[0m
  [4;35;1mSQL (0.2ms)[0m   [0mSELECT version FROM schema_migrations[0m
  [4;36;1mSQL (0.2ms)[0m   [0;1mSET NAMES 'utf8'[0m
  [4;35;1mSQL (0.2ms)[0m   [0mSET SQL_AUTO_IS_NULL=0[0m
  [4;36;1mSQL (0.5ms)[0m   [0;1mSHOW TABLES[0m
  [4;35;1mSQL (0.2ms)[0m   [0mSELECT version FROM schema_migrations[0m
  [4;36;1mSQL (0.2ms)[0m   [0;1mSET NAMES 'utf8'[0m
  [4;35;1mSQL (0.2ms)[0m   [0mSET SQL_AUTO_IS_NULL=0[0m
  [4;36;1mSQL (0.5ms)[0m   [0;1mSHOW TABLES[0m
  [4;35;1mSQL (0.2ms)[0m   [0mSELECT version FROM schema_migrations[0m
  [4;36;1mSQL (0.2ms)[0m   [0;1mSET NAMES 'utf8'[0m
  [4;35;1mSQL (0.2ms)[0m   [0mSET SQL_AUTO_IS_NULL=0[0m
  [4;36;1mSQL (0.5ms)[0m   [0;1mSHOW TABLES[0m
  [4;35;1mSQL (0.2ms)[0m   [0mSELECT version FROM schema_migrations[0m
Migrating to CreateUsers (20090407114010)
Migrating to CreateGames (20090411131554)
Migrating to CreatePlayers (20090411131757)
  [4;36;1mSQL (1.0ms)[0m   [0;1mSHOW TABLES[0m
  [4;35;1mSQL (0.2ms)[0m   [0mSELECT version FROM schema_migrations[0m
  [4;36;1mSQL (0.5ms)[0m   [0;1mSHOW TABLES[0m
  [4;35;1mSQL (1.2ms)[0m   [0mSHOW FIELDS FROM `games`[0m
  [4;36;1mSQL (1.1ms)[0m   [0;1mdescribe `games`[0m
  [4;35;1mSQL (0.5ms)[0m   [0mSHOW KEYS FROM `games`[0m
  [4;36;1mSQL (1.2ms)[0m   [0;1mSHOW FIELDS FROM `players`[0m
  [4;35;1mSQL (1.1ms)[0m   [0mdescribe `players`[0m
  [4;36;1mSQL (0.6ms)[0m   [0;1mSHOW KEYS FROM `players`[0m
  [4;35;1mSQL (1.3ms)[0m   [0mSHOW FIELDS FROM `users`[0m
  [4;36;1mSQL (1.2ms)[0m   [0;1mdescribe `users`[0m
  [4;35;1mSQL (0.9ms)[0m   [0mSHOW KEYS FROM `users`[0m
  [4;36;1mSQL (0.2ms)[0m   [0;1mSET NAMES 'utf8'[0m
  [4;35;1mSQL (0.2ms)[0m   [0mSET SQL_AUTO_IS_NULL=0[0m
  [4;36;1mSQL (0.5ms)[0m   [0;1mSHOW TABLES[0m
  [4;35;1mSQL (0.2ms)[0m   [0mSELECT version FROM schema_migrations[0m
  [4;36;1mSQL (0.1ms)[0m   [0;1mSET NAMES 'utf8'[0m
  [4;35;1mSQL (0.2ms)[0m   [0mSET SQL_AUTO_IS_NULL=0[0m
  [4;36;1mSQL (0.7ms)[0m   [0;1mDROP DATABASE IF EXISTS `corde_test`[0m
  [4;35;1mSQL (0.4ms)[0m   [0mCREATE DATABASE `corde_test` DEFAULT CHARACTER SET `utf8`[0m
  [4;36;1mSQL (0.1ms)[0m   [0;1mSET NAMES 'utf8'[0m
  [4;35;1mSQL (0.2ms)[0m   [0mSET SQL_AUTO_IS_NULL=0[0m
  [4;36;1mSQL (0.4ms)[0m   [0;1mSHOW TABLES[0m
  [4;35;1mSQL (3.6ms)[0m   [0mCREATE TABLE `games` (`id` int(11) DEFAULT NULL auto_increment PRIMARY KEY, `boss1_id` int(11), `boss2_id` int(11), `created_at` datetime, `updated_at` datetime) ENGINE=InnoDB[0m
  [4;36;1mSQL (0.5ms)[0m   [0;1mSHOW TABLES[0m
  [4;35;1mSQL (3.5ms)[0m   [0mCREATE TABLE `players` (`id` int(11) DEFAULT NULL auto_increment PRIMARY KEY, `user_id` int(11), `game_id` int(11), `boss_id` int(11), `created_at` datetime, `updated_at` datetime) ENGINE=InnoDB[0m
  [4;36;1mSQL (0.5ms)[0m   [0;1mSHOW TABLES[0m
  [4;35;1mSQL (8.9ms)[0m   [0mCREATE TABLE `users` (`id` int(11) DEFAULT NULL auto_increment PRIMARY KEY, `name` varchar(255), `password` varchar(255), `money` int(11), `email` varchar(255), `created_at` datetime, `updated_at` datetime) ENGINE=InnoDB[0m
  [4;36;1mSQL (0.5ms)[0m   [0;1mSHOW TABLES[0m
  [4;35;1mSQL (3.6ms)[0m   [0mCREATE TABLE `schema_migrations` (`version` varchar(255) NOT NULL) ENGINE=InnoDB[0m
  [4;36;1mSQL (6.9ms)[0m   [0;1mCREATE UNIQUE INDEX `unique_schema_migrations` ON `schema_migrations` (`version`)[0m
  [4;35;1mSQL (0.5ms)[0m   [0mSHOW TABLES[0m
  [4;36;1mSQL (0.5ms)[0m   [0;1mSELECT version FROM `schema_migrations`[0m
  [4;35;1mSQL (0.8ms)[0m   [0mINSERT INTO `schema_migrations` (version) VALUES ('20090411131757')[0m
  [4;36;1mSQL (0.8ms)[0m   [0;1mINSERT INTO `schema_migrations` (version) VALUES ('20090407114010')[0m
  [4;35;1mSQL (0.8ms)[0m   [0mINSERT INTO `schema_migrations` (version) VALUES ('20090411131554')[0m
  [4;36;1mSQL (8.3ms)[0m   [0;1mSET NAMES 'utf8'[0m
  [4;35;1mSQL (0.3ms)[0m   [0mSET SQL_AUTO_IS_NULL=0[0m


Processing HomeController#index (for 127.0.0.1 at 2009-06-22 11:43:34) [GET]
  [4;36;1mUser Columns (2.1ms)[0m   [0;1mSHOW FIELDS FROM `users`[0m
  [4;35;1mUser Load (0.7ms)[0m   [0mSELECT * FROM `users` [0m
Rendering home/index
Rendered home/_signup_form (16.4ms)
Completed in 193ms (View: 161, DB: 11) | 200 OK [http://localhost/home]
  [4;36;1mSQL (0.2ms)[0m   [0;1mSET NAMES 'utf8'[0m
  [4;35;1mSQL (0.3ms)[0m   [0mSET SQL_AUTO_IS_NULL=0[0m


Processing HomeController#signup (for 127.0.0.1 at 2009-06-22 11:43:52) [POST]
  Parameters: {"commit"=>"Sign up", "authenticity_token"=>"MtQXPRTrYOGX/q6G4KBdOIoH1/lM6kLkK2w4PXwNO6g=", "user"=>{"name"=>"plop", "password_confirmation"=>"plopcoin", "password"=>"plopcoin", "email"=>"plop"}}
  [4;36;1mUser Columns (19.9ms)[0m   [0;1mSHOW FIELDS FROM `users`[0m
  [4;35;1mSQL (0.3ms)[0m   [0mBEGIN[0m
  [4;36;1mUser Exists (0.7ms)[0m   [0;1mSELECT `users`.id FROM `users` WHERE (LOWER(`users`.`email`) = BINARY 'plop') LIMIT 1[0m
  [4;35;1mUser Exists (0.7ms)[0m   [0mSELECT `users`.id FROM `users` WHERE (LOWER(`users`.`name`) = BINARY 'plop') LIMIT 1[0m
  [4;36;1mSQL (0.3ms)[0m   [0;1mROLLBACK[0m
Rendering home/signup
Rendered home/_signup_form (9.0ms)
Completed in 774ms (View: 28, DB: 22) | 200 OK [http://localhost/home/signup]
  [4;36;1mSQL (0.2ms)[0m   [0;1mSET NAMES 'utf8'[0m
  [4;35;1mSQL (0.2ms)[0m   [0mSET SQL_AUTO_IS_NULL=0[0m
  [4;36;1mSQL (0.5ms)[0m   [0;1mSHOW TABLES[0m
  [4;35;1mSQL (0.2ms)[0m   [0mSELECT version FROM schema_migrations[0m
  [4;36;1mSQL (0.1ms)[0m   [0;1mSET NAMES 'utf8'[0m
  [4;35;1mSQL (0.2ms)[0m   [0mSET SQL_AUTO_IS_NULL=0[0m
  [4;36;1mSQL (16.8ms)[0m   [0;1mDROP DATABASE IF EXISTS `corde_test`[0m
  [4;35;1mSQL (0.4ms)[0m   [0mCREATE DATABASE `corde_test` DEFAULT CHARACTER SET `utf8`[0m
  [4;36;1mSQL (0.1ms)[0m   [0;1mSET NAMES 'utf8'[0m
  [4;35;1mSQL (0.2ms)[0m   [0mSET SQL_AUTO_IS_NULL=0[0m
  [4;36;1mSQL (0.4ms)[0m   [0;1mSHOW TABLES[0m
  [4;35;1mSQL (3.3ms)[0m   [0mCREATE TABLE `games` (`id` int(11) DEFAULT NULL auto_increment PRIMARY KEY, `boss1_id` int(11), `boss2_id` int(11), `created_at` datetime, `updated_at` datetime) ENGINE=InnoDB[0m
  [4;36;1mSQL (0.5ms)[0m   [0;1mSHOW TABLES[0m
  [4;35;1mSQL (2.6ms)[0m   [0mCREATE TABLE `players` (`id` int(11) DEFAULT NULL auto_increment PRIMARY KEY, `user_id` int(11), `game_id` int(11), `boss_id` int(11), `created_at` datetime, `updated_at` datetime) ENGINE=InnoDB[0m
  [4;36;1mSQL (0.5ms)[0m   [0;1mSHOW TABLES[0m
  [4;35;1mSQL (3.3ms)[0m   [0mCREATE TABLE `users` (`id` int(11) DEFAULT NULL auto_increment PRIMARY KEY, `name` varchar(255), `password` varchar(255), `money` int(11), `email` varchar(255), `created_at` datetime, `updated_at` datetime) ENGINE=InnoDB[0m
  [4;36;1mSQL (0.5ms)[0m   [0;1mSHOW TABLES[0m
  [4;35;1mSQL (5.3ms)[0m   [0mCREATE TABLE `schema_migrations` (`version` varchar(255) NOT NULL) ENGINE=InnoDB[0m
  [4;36;1mSQL (7.1ms)[0m   [0;1mCREATE UNIQUE INDEX `unique_schema_migrations` ON `schema_migrations` (`version`)[0m
  [4;35;1mSQL (0.5ms)[0m   [0mSHOW TABLES[0m
  [4;36;1mSQL (0.5ms)[0m   [0;1mSELECT version FROM `schema_migrations`[0m
  [4;35;1mSQL (0.8ms)[0m   [0mINSERT INTO `schema_migrations` (version) VALUES ('20090411131757')[0m
  [4;36;1mSQL (0.8ms)[0m   [0;1mINSERT INTO `schema_migrations` (version) VALUES ('20090407114010')[0m
  [4;35;1mSQL (0.8ms)[0m   [0mINSERT INTO `schema_migrations` (version) VALUES ('20090411131554')[0m
  [4;36;1mSQL (0.2ms)[0m   [0;1mSET NAMES 'utf8'[0m
  [4;35;1mSQL (0.2ms)[0m   [0mSET SQL_AUTO_IS_NULL=0[0m
  [4;36;1mSQL (0.5ms)[0m   [0;1mSHOW TABLES[0m
  [4;35;1mSQL (0.2ms)[0m   [0mSELECT version FROM schema_migrations[0m
  [4;36;1mSQL (0.1ms)[0m   [0;1mSET NAMES 'utf8'[0m
  [4;35;1mSQL (0.2ms)[0m   [0mSET SQL_AUTO_IS_NULL=0[0m
  [4;36;1mSQL (24.0ms)[0m   [0;1mDROP DATABASE IF EXISTS `corde_test`[0m
  [4;35;1mSQL (0.4ms)[0m   [0mCREATE DATABASE `corde_test` DEFAULT CHARACTER SET `utf8`[0m
  [4;36;1mSQL (0.1ms)[0m   [0;1mSET NAMES 'utf8'[0m
  [4;35;1mSQL (0.2ms)[0m   [0mSET SQL_AUTO_IS_NULL=0[0m
  [4;36;1mSQL (0.4ms)[0m   [0;1mSHOW TABLES[0m
  [4;35;1mSQL (3.4ms)[0m   [0mCREATE TABLE `games` (`id` int(11) DEFAULT NULL auto_increment PRIMARY KEY, `boss1_id` int(11), `boss2_id` int(11), `created_at` datetime, `updated_at` datetime) ENGINE=InnoDB[0m
  [4;36;1mSQL (0.5ms)[0m   [0;1mSHOW TABLES[0m
  [4;35;1mSQL (2.8ms)[0m   [0mCREATE TABLE `players` (`id` int(11) DEFAULT NULL auto_increment PRIMARY KEY, `user_id` int(11), `game_id` int(11), `boss_id` int(11), `created_at` datetime, `updated_at` datetime) ENGINE=InnoDB[0m
  [4;36;1mSQL (0.5ms)[0m   [0;1mSHOW TABLES[0m
  [4;35;1mSQL (3.4ms)[0m   [0mCREATE TABLE `users` (`id` int(11) DEFAULT NULL auto_increment PRIMARY KEY, `name` varchar(255), `password` varchar(255), `money` int(11), `email` varchar(255), `created_at` datetime, `updated_at` datetime) ENGINE=InnoDB[0m
  [4;36;1mSQL (0.5ms)[0m   [0;1mSHOW TABLES[0m
  [4;35;1mSQL (25.3ms)[0m   [0mCREATE TABLE `schema_migrations` (`version` varchar(255) NOT NULL) ENGINE=InnoDB[0m
  [4;36;1mSQL (5.7ms)[0m   [0;1mCREATE UNIQUE INDEX `unique_schema_migrations` ON `schema_migrations` (`version`)[0m
  [4;35;1mSQL (0.5ms)[0m   [0mSHOW TABLES[0m
  [4;36;1mSQL (0.8ms)[0m   [0;1mSELECT version FROM `schema_migrations`[0m
  [4;35;1mSQL (1.2ms)[0m   [0mINSERT INTO `schema_migrations` (version) VALUES ('20090411131757')[0m
  [4;36;1mSQL (0.7ms)[0m   [0;1mINSERT INTO `schema_migrations` (version) VALUES ('20090407114010')[0m
  [4;35;1mSQL (0.6ms)[0m   [0mINSERT INTO `schema_migrations` (version) VALUES ('20090411131554')[0m
  [4;36;1mSQL (0.2ms)[0m   [0;1mSET NAMES 'utf8'[0m
  [4;35;1mSQL (0.2ms)[0m   [0mSET SQL_AUTO_IS_NULL=0[0m
  [4;36;1mSQL (0.5ms)[0m   [0;1mSHOW TABLES[0m
  [4;35;1mSQL (0.2ms)[0m   [0mSELECT version FROM schema_migrations[0m
  [4;36;1mSQL (0.1ms)[0m   [0;1mSET NAMES 'utf8'[0m
  [4;35;1mSQL (0.2ms)[0m   [0mSET SQL_AUTO_IS_NULL=0[0m
  [4;36;1mSQL (30.0ms)[0m   [0;1mDROP DATABASE IF EXISTS `corde_test`[0m
  [4;35;1mSQL (0.4ms)[0m   [0mCREATE DATABASE `corde_test` DEFAULT CHARACTER SET `utf8`[0m
  [4;36;1mSQL (0.1ms)[0m   [0;1mSET NAMES 'utf8'[0m
  [4;35;1mSQL (0.2ms)[0m   [0mSET SQL_AUTO_IS_NULL=0[0m
  [4;36;1mSQL (0.4ms)[0m   [0;1mSHOW TABLES[0m
  [4;35;1mSQL (7.5ms)[0m   [0mCREATE TABLE `games` (`id` int(11) DEFAULT NULL auto_increment PRIMARY KEY, `boss1_id` int(11), `boss2_id` int(11), `created_at` datetime, `updated_at` datetime) ENGINE=InnoDB[0m
  [4;36;1mSQL (0.5ms)[0m   [0;1mSHOW TABLES[0m
  [4;35;1mSQL (2.6ms)[0m   [0mCREATE TABLE `players` (`id` int(11) DEFAULT NULL auto_increment PRIMARY KEY, `user_id` int(11), `game_id` int(11), `boss_id` int(11), `created_at` datetime, `updated_at` datetime) ENGINE=InnoDB[0m
  [4;36;1mSQL (0.5ms)[0m   [0;1mSHOW TABLES[0m
  [4;35;1mSQL (3.4ms)[0m   [0mCREATE TABLE `users` (`id` int(11) DEFAULT NULL auto_increment PRIMARY KEY, `name` varchar(255), `password` varchar(255), `money` int(11), `email` varchar(255), `created_at` datetime, `updated_at` datetime) ENGINE=InnoDB[0m
  [4;36;1mSQL (0.5ms)[0m   [0;1mSHOW TABLES[0m
  [4;35;1mSQL (2.9ms)[0m   [0mCREATE TABLE `schema_migrations` (`version` varchar(255) NOT NULL) ENGINE=InnoDB[0m
  [4;36;1mSQL (23.5ms)[0m   [0;1mCREATE UNIQUE INDEX `unique_schema_migrations` ON `schema_migrations` (`version`)[0m
  [4;35;1mSQL (0.5ms)[0m   [0mSHOW TABLES[0m
  [4;36;1mSQL (0.5ms)[0m   [0;1mSELECT version FROM `schema_migrations`[0m
  [4;35;1mSQL (1.7ms)[0m   [0mINSERT INTO `schema_migrations` (version) VALUES ('20090411131757')[0m
  [4;36;1mSQL (0.6ms)[0m   [0;1mINSERT INTO `schema_migrations` (version) VALUES ('20090407114010')[0m
  [4;35;1mSQL (0.6ms)[0m   [0mINSERT INTO `schema_migrations` (version) VALUES ('20090411131554')[0m
  [4;36;1mSQL (0.2ms)[0m   [0;1mSET NAMES 'utf8'[0m
  [4;35;1mSQL (0.2ms)[0m   [0mSET SQL_AUTO_IS_NULL=0[0m
  [4;36;1mSQL (0.5ms)[0m   [0;1mSHOW TABLES[0m
  [4;35;1mSQL (0.2ms)[0m   [0mSELECT version FROM schema_migrations[0m
  [4;36;1mSQL (0.1ms)[0m   [0;1mSET NAMES 'utf8'[0m
  [4;35;1mSQL (0.2ms)[0m   [0mSET SQL_AUTO_IS_NULL=0[0m
  [4;36;1mSQL (29.9ms)[0m   [0;1mDROP DATABASE IF EXISTS `corde_test`[0m
  [4;35;1mSQL (0.4ms)[0m   [0mCREATE DATABASE `corde_test` DEFAULT CHARACTER SET `utf8`[0m
  [4;36;1mSQL (0.1ms)[0m   [0;1mSET NAMES 'utf8'[0m
  [4;35;1mSQL (0.2ms)[0m   [0mSET SQL_AUTO_IS_NULL=0[0m
  [4;36;1mSQL (0.4ms)[0m   [0;1mSHOW TABLES[0m
  [4;35;1mSQL (6.5ms)[0m   [0mCREATE TABLE `games` (`id` int(11) DEFAULT NULL auto_increment PRIMARY KEY, `boss1_id` int(11), `boss2_id` int(11), `created_at` datetime, `updated_at` datetime) ENGINE=InnoDB[0m
  [4;36;1mSQL (0.7ms)[0m   [0;1mSHOW TABLES[0m
  [4;35;1mSQL (2.8ms)[0m   [0mCREATE TABLE `players` (`id` int(11) DEFAULT NULL auto_increment PRIMARY KEY, `user_id` int(11), `game_id` int(11), `boss_id` int(11), `created_at` datetime, `updated_at` datetime) ENGINE=InnoDB[0m
  [4;36;1mSQL (0.5ms)[0m   [0;1mSHOW TABLES[0m
  [4;35;1mSQL (3.2ms)[0m   [0mCREATE TABLE `users` (`id` int(11) DEFAULT NULL auto_increment PRIMARY KEY, `name` varchar(255), `password` varchar(255), `money` int(11), `email` varchar(255), `created_at` datetime, `updated_at` datetime) ENGINE=InnoDB[0m
  [4;36;1mSQL (4.7ms)[0m   [0;1mSHOW TABLES[0m
  [4;35;1mSQL (3.9ms)[0m   [0mCREATE TABLE `schema_migrations` (`version` varchar(255) NOT NULL) ENGINE=InnoDB[0m
  [4;36;1mSQL (43.5ms)[0m   [0;1mCREATE UNIQUE INDEX `unique_schema_migrations` ON `schema_migrations` (`version`)[0m
  [4;35;1mSQL (0.5ms)[0m   [0mSHOW TABLES[0m
  [4;36;1mSQL (0.5ms)[0m   [0;1mSELECT version FROM `schema_migrations`[0m
  [4;35;1mSQL (0.7ms)[0m   [0mINSERT INTO `schema_migrations` (version) VALUES ('20090411131757')[0m
  [4;36;1mSQL (0.7ms)[0m   [0;1mINSERT INTO `schema_migrations` (version) VALUES ('20090407114010')[0m
  [4;35;1mSQL (0.6ms)[0m   [0mINSERT INTO `schema_migrations` (version) VALUES ('20090411131554')[0m
  [4;36;1mSQL (0.2ms)[0m   [0;1mSET NAMES 'utf8'[0m
  [4;35;1mSQL (0.2ms)[0m   [0mSET SQL_AUTO_IS_NULL=0[0m
  [4;36;1mSQL (0.5ms)[0m   [0;1mSHOW TABLES[0m
  [4;35;1mSQL (0.2ms)[0m   [0mSELECT version FROM schema_migrations[0m
  [4;36;1mSQL (0.1ms)[0m   [0;1mSET NAMES 'utf8'[0m
  [4;35;1mSQL (0.2ms)[0m   [0mSET SQL_AUTO_IS_NULL=0[0m
  [4;36;1mSQL (23.2ms)[0m   [0;1mDROP DATABASE IF EXISTS `corde_test`[0m
  [4;35;1mSQL (0.4ms)[0m   [0mCREATE DATABASE `corde_test` DEFAULT CHARACTER SET `utf8`[0m
  [4;36;1mSQL (0.2ms)[0m   [0;1mSET NAMES 'utf8'[0m
  [4;35;1mSQL (0.2ms)[0m   [0mSET SQL_AUTO_IS_NULL=0[0m
  [4;36;1mSQL (0.4ms)[0m   [0;1mSHOW TABLES[0m
  [4;35;1mSQL (4.8ms)[0m   [0mCREATE TABLE `games` (`id` int(11) DEFAULT NULL auto_increment PRIMARY KEY, `boss1_id` int(11), `boss2_id` int(11), `created_at` datetime, `updated_at` datetime) ENGINE=InnoDB[0m
  [4;36;1mSQL (0.5ms)[0m   [0;1mSHOW TABLES[0m
  [4;35;1mSQL (2.8ms)[0m   [0mCREATE TABLE `players` (`id` int(11) DEFAULT NULL auto_increment PRIMARY KEY, `user_id` int(11), `game_id` int(11), `boss_id` int(11), `created_at` datetime, `updated_at` datetime) ENGINE=InnoDB[0m
  [4;36;1mSQL (0.4ms)[0m   [0;1mSHOW TABLES[0m
  [4;35;1mSQL (2.8ms)[0m   [0mCREATE TABLE `users` (`id` int(11) DEFAULT NULL auto_increment PRIMARY KEY, `name` varchar(255), `password` varchar(255), `money` int(11), `email` varchar(255), `created_at` datetime, `updated_at` datetime) ENGINE=InnoDB[0m
  [4;36;1mSQL (0.5ms)[0m   [0;1mSHOW TABLES[0m
  [4;35;1mSQL (2.9ms)[0m   [0mCREATE TABLE `schema_migrations` (`version` varchar(255) NOT NULL) ENGINE=InnoDB[0m
  [4;36;1mSQL (6.1ms)[0m   [0;1mCREATE UNIQUE INDEX `unique_schema_migrations` ON `schema_migrations` (`version`)[0m
  [4;35;1mSQL (0.5ms)[0m   [0mSHOW TABLES[0m
  [4;36;1mSQL (0.5ms)[0m   [0;1mSELECT version FROM `schema_migrations`[0m
  [4;35;1mSQL (1.5ms)[0m   [0mINSERT INTO `schema_migrations` (version) VALUES ('20090411131757')[0m
  [4;36;1mSQL (0.8ms)[0m   [0;1mINSERT INTO `schema_migrations` (version) VALUES ('20090407114010')[0m
  [4;35;1mSQL (21.6ms)[0m   [0mINSERT INTO `schema_migrations` (version) VALUES ('20090411131554')[0m
  [4;36;1mSQL (0.4ms)[0m   [0;1mSET NAMES 'utf8'[0m
  [4;35;1mSQL (0.3ms)[0m   [0mSET SQL_AUTO_IS_NULL=0[0m


Processing HomeController#index (for 127.0.0.1 at 2009-06-22 15:26:19) [GET]
  [4;36;1mUser Columns (2.0ms)[0m   [0;1mSHOW FIELDS FROM `users`[0m
  [4;35;1mUser Load (0.3ms)[0m   [0mSELECT * FROM `users` [0m
Rendering home/index
Rendered home/_signup_form (10.0ms)
Completed in 104ms (View: 72, DB: 3) | 200 OK [http://localhost/home/]
  [4;36;1mSQL (0.2ms)[0m   [0;1mSET NAMES 'utf8'[0m
  [4;35;1mSQL (2.5ms)[0m   [0mSET SQL_AUTO_IS_NULL=0[0m


Processing HomeController#signup (for 127.0.0.1 at 2009-06-22 15:26:31) [POST]
  Parameters: {"commit"=>"Sign up", "authenticity_token"=>"MtQXPRTrYOGX/q6G4KBdOIoH1/lM6kLkK2w4PXwNO6g=", "user"=>{"name"=>"try", "password_confirmation"=>"try", "password"=>"try", "email"=>"try"}}
  [4;36;1mUser Columns (2.1ms)[0m   [0;1mSHOW FIELDS FROM `users`[0m
  [4;35;1mSQL (0.2ms)[0m   [0mBEGIN[0m
  [4;36;1mUser Exists (0.7ms)[0m   [0;1mSELECT `users`.id FROM `users` WHERE (LOWER(`users`.`email`) = BINARY 'try') LIMIT 1[0m
  [4;35;1mUser Exists (0.7ms)[0m   [0mSELECT `users`.id FROM `users` WHERE (LOWER(`users`.`name`) = BINARY 'try') LIMIT 1[0m
  [4;36;1mSQL (0.6ms)[0m   [0;1mROLLBACK[0m
Rendering home/signup
Rendered home/_signup_form (9.7ms)
Completed in 804ms (View: 30, DB: 7) | 200 OK [http://localhost/home/signup]
  [4;36;1mSQL (0.2ms)[0m   [0;1mSET NAMES 'utf8'[0m
  [4;35;1mSQL (0.2ms)[0m   [0mSET SQL_AUTO_IS_NULL=0[0m
  [4;36;1mSQL (0.5ms)[0m   [0;1mSHOW TABLES[0m
  [4;35;1mSQL (0.2ms)[0m   [0mSELECT version FROM schema_migrations[0m
  [4;36;1mSQL (0.1ms)[0m   [0;1mSET NAMES 'utf8'[0m
  [4;35;1mSQL (0.2ms)[0m   [0mSET SQL_AUTO_IS_NULL=0[0m
  [4;36;1mSQL (11.9ms)[0m   [0;1mDROP DATABASE IF EXISTS `corde_test`[0m
  [4;35;1mSQL (0.7ms)[0m   [0mCREATE DATABASE `corde_test` DEFAULT CHARACTER SET `utf8`[0m
  [4;36;1mSQL (0.2ms)[0m   [0;1mSET NAMES 'utf8'[0m
  [4;35;1mSQL (0.2ms)[0m   [0mSET SQL_AUTO_IS_NULL=0[0m
  [4;36;1mSQL (0.4ms)[0m   [0;1mSHOW TABLES[0m
  [4;35;1mSQL (28.4ms)[0m   [0mCREATE TABLE `games` (`id` int(11) DEFAULT NULL auto_increment PRIMARY KEY, `boss1_id` int(11), `boss2_id` int(11), `created_at` datetime, `updated_at` datetime) ENGINE=InnoDB[0m
  [4;36;1mSQL (0.5ms)[0m   [0;1mSHOW TABLES[0m
  [4;35;1mSQL (4.1ms)[0m   [0mCREATE TABLE `players` (`id` int(11) DEFAULT NULL auto_increment PRIMARY KEY, `user_id` int(11), `game_id` int(11), `boss_id` int(11), `created_at` datetime, `updated_at` datetime) ENGINE=InnoDB[0m
  [4;36;1mSQL (0.9ms)[0m   [0;1mSHOW TABLES[0m
  [4;35;1mSQL (3.0ms)[0m   [0mCREATE TABLE `users` (`id` int(11) DEFAULT NULL auto_increment PRIMARY KEY, `name` varchar(255), `password` varchar(255), `money` int(11), `email` varchar(255), `created_at` datetime, `updated_at` datetime) ENGINE=InnoDB[0m
  [4;36;1mSQL (0.5ms)[0m   [0;1mSHOW TABLES[0m
  [4;35;1mSQL (2.5ms)[0m   [0mCREATE TABLE `schema_migrations` (`version` varchar(255) NOT NULL) ENGINE=InnoDB[0m
  [4;36;1mSQL (6.7ms)[0m   [0;1mCREATE UNIQUE INDEX `unique_schema_migrations` ON `schema_migrations` (`version`)[0m
  [4;35;1mSQL (0.5ms)[0m   [0mSHOW TABLES[0m
  [4;36;1mSQL (0.6ms)[0m   [0;1mSELECT version FROM `schema_migrations`[0m
  [4;35;1mSQL (2.2ms)[0m   [0mINSERT INTO `schema_migrations` (version) VALUES ('20090411131757')[0m
  [4;36;1mSQL (0.7ms)[0m   [0;1mINSERT INTO `schema_migrations` (version) VALUES ('20090407114010')[0m
  [4;35;1mSQL (0.7ms)[0m   [0mINSERT INTO `schema_migrations` (version) VALUES ('20090411131554')[0m
  [4;35;1mSQL (0.2ms)[0m   [0mSET NAMES 'utf8'[0m
  [4;36;1mSQL (0.3ms)[0m   [0;1mSET SQL_AUTO_IS_NULL=0[0m


Processing HomeController#signup (for 127.0.0.1 at 2009-06-22 15:52:32) [POST]
  Parameters: {"commit"=>"Sign up", "authenticity_token"=>"MtQXPRTrYOGX/q6G4KBdOIoH1/lM6kLkK2w4PXwNO6g=", "user"=>{"name"=>"try", "password_confirmation"=>"tryplop", "password"=>"tryplop", "email"=>"try"}}
  [4;35;1mUser Columns (2.0ms)[0m   [0mSHOW FIELDS FROM `users`[0m
  [4;36;1mSQL (0.2ms)[0m   [0;1mBEGIN[0m
  [4;35;1mUser Exists (0.3ms)[0m   [0mSELECT `users`.id FROM `users` WHERE (LOWER(`users`.`email`) = BINARY 'try') LIMIT 1[0m
  [4;36;1mUser Exists (0.3ms)[0m   [0;1mSELECT `users`.id FROM `users` WHERE (LOWER(`users`.`name`) = BINARY 'try') LIMIT 1[0m
  [4;35;1mSQL (0.4ms)[0m   [0mROLLBACK[0m
Rendering home/signup
Rendered home/_signup_form (8.8ms)
Completed in 79ms (View: 12, DB: 4) | 200 OK [http://localhost/home/signup]
  [4;36;1mSQL (0.2ms)[0m   [0;1mSET NAMES 'utf8'[0m
  [4;35;1mSQL (31.1ms)[0m   [0mSET SQL_AUTO_IS_NULL=0[0m


Processing HomeController#signup (for 127.0.0.1 at 2009-06-22 15:52:38) [POST]
  Parameters: {"commit"=>"Sign up", "authenticity_token"=>"MtQXPRTrYOGX/q6G4KBdOIoH1/lM6kLkK2w4PXwNO6g=", "user"=>{"name"=>"trytry", "password_confirmation"=>"tryplop", "password"=>"tryplop", "email"=>"try"}}
  [4;36;1mUser Columns (2.3ms)[0m   [0;1mSHOW FIELDS FROM `users`[0m
  [4;35;1mSQL (0.3ms)[0m   [0mBEGIN[0m
  [4;36;1mUser Exists (0.5ms)[0m   [0;1mSELECT `users`.id FROM `users` WHERE (LOWER(`users`.`email`) = BINARY 'try') LIMIT 1[0m
  [4;35;1mUser Exists (0.7ms)[0m   [0mSELECT `users`.id FROM `users` WHERE (LOWER(`users`.`name`) = BINARY 'trytry') LIMIT 1[0m
  [4;36;1mUser Create (0.7ms)[0m   [0;1mINSERT INTO `users` (`name`, `created_at`, `money`, `updated_at`, `password`, `email`) VALUES('trytry', '2009-06-22 22:52:39', 1000, '2009-06-22 22:52:39', 'tryplop', 'try')[0m
  [4;35;1mSQL (3.5ms)[0m   [0mCOMMIT[0m
Redirected to http://localhost:3000/home/me
Completed in 89ms (DB: 39) | 302 Found [http://localhost/home/signup]
  [4;36;1mSQL (0.3ms)[0m   [0;1mSET NAMES 'utf8'[0m
  [4;35;1mSQL (0.3ms)[0m   [0mSET SQL_AUTO_IS_NULL=0[0m


Processing HomeController#me (for 127.0.0.1 at 2009-06-22 15:52:39) [GET]
Redirected to http://localhost:3000/home
Completed in 20ms (DB: 1) | 302 Found [http://localhost/home/me]
  [4;36;1mSQL (0.2ms)[0m   [0;1mSET NAMES 'utf8'[0m
  [4;35;1mSQL (0.3ms)[0m   [0mSET SQL_AUTO_IS_NULL=0[0m


Processing HomeController#index (for 127.0.0.1 at 2009-06-22 15:52:39) [GET]
  [4;36;1mUser Columns (2.1ms)[0m   [0;1mSHOW FIELDS FROM `users`[0m
  [4;35;1mUser Load (0.7ms)[0m   [0mSELECT * FROM `users` [0m
Rendering home/index
Rendered home/_signup_form (6.6ms)
Completed in 68ms (View: 32, DB: 3) | 200 OK [http://localhost/home]
  [4;36;1mSQL (0.2ms)[0m   [0;1mSET NAMES 'utf8'[0m
  [4;35;1mSQL (0.2ms)[0m   [0mSET SQL_AUTO_IS_NULL=0[0m
  [4;36;1mSQL (0.5ms)[0m   [0;1mSHOW TABLES[0m
  [4;35;1mSQL (0.2ms)[0m   [0mSELECT version FROM schema_migrations[0m
  [4;36;1mSQL (0.1ms)[0m   [0;1mSET NAMES 'utf8'[0m
  [4;35;1mSQL (0.4ms)[0m   [0mSET SQL_AUTO_IS_NULL=0[0m
  [4;36;1mSQL (16.2ms)[0m   [0;1mDROP DATABASE IF EXISTS `corde_test`[0m
  [4;35;1mSQL (0.4ms)[0m   [0mCREATE DATABASE `corde_test` DEFAULT CHARACTER SET `utf8`[0m
  [4;36;1mSQL (0.1ms)[0m   [0;1mSET NAMES 'utf8'[0m
  [4;35;1mSQL (0.2ms)[0m   [0mSET SQL_AUTO_IS_NULL=0[0m
  [4;36;1mSQL (0.4ms)[0m   [0;1mSHOW TABLES[0m
  [4;35;1mSQL (5.4ms)[0m   [0mCREATE TABLE `games` (`id` int(11) DEFAULT NULL auto_increment PRIMARY KEY, `boss1_id` int(11), `boss2_id` int(11), `created_at` datetime, `updated_at` datetime) ENGINE=InnoDB[0m
  [4;36;1mSQL (0.5ms)[0m   [0;1mSHOW TABLES[0m
  [4;35;1mSQL (2.7ms)[0m   [0mCREATE TABLE `players` (`id` int(11) DEFAULT NULL auto_increment PRIMARY KEY, `user_id` int(11), `game_id` int(11), `boss_id` int(11), `created_at` datetime, `updated_at` datetime) ENGINE=InnoDB[0m
  [4;36;1mSQL (0.5ms)[0m   [0;1mSHOW TABLES[0m
  [4;35;1mSQL (3.5ms)[0m   [0mCREATE TABLE `users` (`id` int(11) DEFAULT NULL auto_increment PRIMARY KEY, `name` varchar(255), `password` varchar(255), `money` int(11), `email` varchar(255), `created_at` datetime, `updated_at` datetime) ENGINE=InnoDB[0m
  [4;36;1mSQL (0.5ms)[0m   [0;1mSHOW TABLES[0m
  [4;35;1mSQL (6.3ms)[0m   [0mCREATE TABLE `schema_migrations` (`version` varchar(255) NOT NULL) ENGINE=InnoDB[0m
  [4;36;1mSQL (26.3ms)[0m   [0;1mCREATE UNIQUE INDEX `unique_schema_migrations` ON `schema_migrations` (`version`)[0m
  [4;35;1mSQL (0.5ms)[0m   [0mSHOW TABLES[0m
  [4;36;1mSQL (0.5ms)[0m   [0;1mSELECT version FROM `schema_migrations`[0m
  [4;35;1mSQL (1.2ms)[0m   [0mINSERT INTO `schema_migrations` (version) VALUES ('20090411131757')[0m
  [4;36;1mSQL (0.7ms)[0m   [0;1mINSERT INTO `schema_migrations` (version) VALUES ('20090407114010')[0m
  [4;35;1mSQL (0.6ms)[0m   [0mINSERT INTO `schema_migrations` (version) VALUES ('20090411131554')[0m
  [4;36;1mSQL (0.3ms)[0m   [0;1mSET NAMES 'utf8'[0m
  [4;35;1mSQL (0.2ms)[0m   [0mSET SQL_AUTO_IS_NULL=0[0m
  [4;36;1mSQL (0.5ms)[0m   [0;1mSHOW TABLES[0m
  [4;35;1mSQL (0.2ms)[0m   [0mSELECT version FROM schema_migrations[0m
  [4;36;1mSQL (0.1ms)[0m   [0;1mSET NAMES 'utf8'[0m
  [4;35;1mSQL (0.2ms)[0m   [0mSET SQL_AUTO_IS_NULL=0[0m
  [4;36;1mSQL (26.6ms)[0m   [0;1mDROP DATABASE IF EXISTS `corde_test`[0m
  [4;35;1mSQL (0.4ms)[0m   [0mCREATE DATABASE `corde_test` DEFAULT CHARACTER SET `utf8`[0m
  [4;36;1mSQL (0.1ms)[0m   [0;1mSET NAMES 'utf8'[0m
  [4;35;1mSQL (0.2ms)[0m   [0mSET SQL_AUTO_IS_NULL=0[0m
  [4;36;1mSQL (0.4ms)[0m   [0;1mSHOW TABLES[0m
  [4;35;1mSQL (5.4ms)[0m   [0mCREATE TABLE `games` (`id` int(11) DEFAULT NULL auto_increment PRIMARY KEY, `boss1_id` int(11), `boss2_id` int(11), `created_at` datetime, `updated_at` datetime) ENGINE=InnoDB[0m
  [4;36;1mSQL (0.5ms)[0m   [0;1mSHOW TABLES[0m
  [4;35;1mSQL (2.8ms)[0m   [0mCREATE TABLE `players` (`id` int(11) DEFAULT NULL auto_increment PRIMARY KEY, `user_id` int(11), `game_id` int(11), `boss_id` int(11), `created_at` datetime, `updated_at` datetime) ENGINE=InnoDB[0m
  [4;36;1mSQL (0.4ms)[0m   [0;1mSHOW TABLES[0m
  [4;35;1mSQL (3.0ms)[0m   [0mCREATE TABLE `users` (`id` int(11) DEFAULT NULL auto_increment PRIMARY KEY, `name` varchar(255), `password` varchar(255), `money` int(11), `email` varchar(255), `created_at` datetime, `updated_at` datetime) ENGINE=InnoDB[0m
  [4;36;1mSQL (0.5ms)[0m   [0;1mSHOW TABLES[0m
  [4;35;1mSQL (6.5ms)[0m   [0mCREATE TABLE `schema_migrations` (`version` varchar(255) NOT NULL) ENGINE=InnoDB[0m
  [4;36;1mSQL (6.2ms)[0m   [0;1mCREATE UNIQUE INDEX `unique_schema_migrations` ON `schema_migrations` (`version`)[0m
  [4;35;1mSQL (0.5ms)[0m   [0mSHOW TABLES[0m
  [4;36;1mSQL (0.5ms)[0m   [0;1mSELECT version FROM `schema_migrations`[0m
  [4;35;1mSQL (1.6ms)[0m   [0mINSERT INTO `schema_migrations` (version) VALUES ('20090411131757')[0m
  [4;36;1mSQL (17.2ms)[0m   [0;1mINSERT INTO `schema_migrations` (version) VALUES ('20090407114010')[0m
  [4;35;1mSQL (0.6ms)[0m   [0mINSERT INTO `schema_migrations` (version) VALUES ('20090411131554')[0m
  [4;36;1mSQL (0.3ms)[0m   [0;1mSET NAMES 'utf8'[0m
  [4;35;1mSQL (0.2ms)[0m   [0mSET SQL_AUTO_IS_NULL=0[0m
  [4;36;1mSQL (0.5ms)[0m   [0;1mSHOW TABLES[0m
  [4;35;1mSQL (0.2ms)[0m   [0mSELECT version FROM schema_migrations[0m
  [4;36;1mSQL (0.1ms)[0m   [0;1mSET NAMES 'utf8'[0m
  [4;35;1mSQL (0.2ms)[0m   [0mSET SQL_AUTO_IS_NULL=0[0m
  [4;36;1mSQL (8.5ms)[0m   [0;1mDROP DATABASE IF EXISTS `corde_test`[0m
  [4;35;1mSQL (0.4ms)[0m   [0mCREATE DATABASE `corde_test` DEFAULT CHARACTER SET `utf8`[0m
  [4;36;1mSQL (0.2ms)[0m   [0;1mSET NAMES 'utf8'[0m
  [4;35;1mSQL (0.2ms)[0m   [0mSET SQL_AUTO_IS_NULL=0[0m
  [4;36;1mSQL (0.4ms)[0m   [0;1mSHOW TABLES[0m
  [4;35;1mSQL (6.4ms)[0m   [0mCREATE TABLE `games` (`id` int(11) DEFAULT NULL auto_increment PRIMARY KEY, `boss1_id` int(11), `boss2_id` int(11), `created_at` datetime, `updated_at` datetime) ENGINE=InnoDB[0m
  [4;36;1mSQL (0.5ms)[0m   [0;1mSHOW TABLES[0m
  [4;35;1mSQL (2.6ms)[0m   [0mCREATE TABLE `players` (`id` int(11) DEFAULT NULL auto_increment PRIMARY KEY, `user_id` int(11), `game_id` int(11), `boss_id` int(11), `created_at` datetime, `updated_at` datetime) ENGINE=InnoDB[0m
  [4;36;1mSQL (0.5ms)[0m   [0;1mSHOW TABLES[0m
  [4;35;1mSQL (4.5ms)[0m   [0mCREATE TABLE `users` (`id` int(11) DEFAULT NULL auto_increment PRIMARY KEY, `name` varchar(255), `password` varchar(255), `money` int(11), `email` varchar(255), `created_at` datetime, `updated_at` datetime) ENGINE=InnoDB[0m
  [4;36;1mSQL (0.5ms)[0m   [0;1mSHOW TABLES[0m
  [4;35;1mSQL (4.5ms)[0m   [0mCREATE TABLE `schema_migrations` (`version` varchar(255) NOT NULL) ENGINE=InnoDB[0m
  [4;36;1mSQL (27.8ms)[0m   [0;1mCREATE UNIQUE INDEX `unique_schema_migrations` ON `schema_migrations` (`version`)[0m
  [4;35;1mSQL (0.5ms)[0m   [0mSHOW TABLES[0m
  [4;36;1mSQL (0.6ms)[0m   [0;1mSELECT version FROM `schema_migrations`[0m
  [4;35;1mSQL (1.5ms)[0m   [0mINSERT INTO `schema_migrations` (version) VALUES ('20090411131757')[0m
  [4;36;1mSQL (0.7ms)[0m   [0;1mINSERT INTO `schema_migrations` (version) VALUES ('20090407114010')[0m
  [4;35;1mSQL (0.8ms)[0m   [0mINSERT INTO `schema_migrations` (version) VALUES ('20090411131554')[0m
  [4;36;1mSQL (0.2ms)[0m   [0;1mSET NAMES 'utf8'[0m
  [4;35;1mSQL (0.4ms)[0m   [0mSET SQL_AUTO_IS_NULL=0[0m
  [4;36;1mSQL (0.5ms)[0m   [0;1mSHOW TABLES[0m
  [4;35;1mSQL (0.2ms)[0m   [0mSELECT version FROM schema_migrations[0m
  [4;36;1mSQL (0.1ms)[0m   [0;1mSET NAMES 'utf8'[0m
  [4;35;1mSQL (0.2ms)[0m   [0mSET SQL_AUTO_IS_NULL=0[0m
  [4;36;1mSQL (25.3ms)[0m   [0;1mDROP DATABASE IF EXISTS `corde_test`[0m
  [4;35;1mSQL (0.4ms)[0m   [0mCREATE DATABASE `corde_test` DEFAULT CHARACTER SET `utf8`[0m
  [4;36;1mSQL (0.1ms)[0m   [0;1mSET NAMES 'utf8'[0m
  [4;35;1mSQL (0.2ms)[0m   [0mSET SQL_AUTO_IS_NULL=0[0m
  [4;36;1mSQL (0.4ms)[0m   [0;1mSHOW TABLES[0m
  [4;35;1mSQL (3.9ms)[0m   [0mCREATE TABLE `games` (`id` int(11) DEFAULT NULL auto_increment PRIMARY KEY, `boss1_id` int(11), `boss2_id` int(11), `created_at` datetime, `updated_at` datetime) ENGINE=InnoDB[0m
  [4;36;1mSQL (0.5ms)[0m   [0;1mSHOW TABLES[0m
  [4;35;1mSQL (11.2ms)[0m   [0mCREATE TABLE `players` (`id` int(11) DEFAULT NULL auto_increment PRIMARY KEY, `user_id` int(11), `game_id` int(11), `boss_id` int(11), `created_at` datetime, `updated_at` datetime) ENGINE=InnoDB[0m
  [4;36;1mSQL (0.5ms)[0m   [0;1mSHOW TABLES[0m
  [4;35;1mSQL (7.5ms)[0m   [0mCREATE TABLE `users` (`id` int(11) DEFAULT NULL auto_increment PRIMARY KEY, `name` varchar(255), `password` varchar(255), `money` int(11), `email` varchar(255), `created_at` datetime, `updated_at` datetime) ENGINE=InnoDB[0m
  [4;36;1mSQL (0.5ms)[0m   [0;1mSHOW TABLES[0m
  [4;35;1mSQL (5.1ms)[0m   [0mCREATE TABLE `schema_migrations` (`version` varchar(255) NOT NULL) ENGINE=InnoDB[0m
  [4;36;1mSQL (28.0ms)[0m   [0;1mCREATE UNIQUE INDEX `unique_schema_migrations` ON `schema_migrations` (`version`)[0m
  [4;35;1mSQL (0.5ms)[0m   [0mSHOW TABLES[0m
  [4;36;1mSQL (0.5ms)[0m   [0;1mSELECT version FROM `schema_migrations`[0m
  [4;35;1mSQL (1.1ms)[0m   [0mINSERT INTO `schema_migrations` (version) VALUES ('20090411131757')[0m
  [4;36;1mSQL (0.6ms)[0m   [0;1mINSERT INTO `schema_migrations` (version) VALUES ('20090407114010')[0m
  [4;35;1mSQL (0.7ms)[0m   [0mINSERT INTO `schema_migrations` (version) VALUES ('20090411131554')[0m
  [4;36;1mSQL (0.2ms)[0m   [0;1mSET NAMES 'utf8'[0m
  [4;35;1mSQL (0.2ms)[0m   [0mSET SQL_AUTO_IS_NULL=0[0m
  [4;36;1mSQL (0.5ms)[0m   [0;1mSHOW TABLES[0m
  [4;35;1mSQL (0.2ms)[0m   [0mSELECT version FROM schema_migrations[0m
  [4;36;1mSQL (0.1ms)[0m   [0;1mSET NAMES 'utf8'[0m
  [4;35;1mSQL (0.2ms)[0m   [0mSET SQL_AUTO_IS_NULL=0[0m
  [4;36;1mSQL (22.8ms)[0m   [0;1mDROP DATABASE IF EXISTS `corde_test`[0m
  [4;35;1mSQL (0.4ms)[0m   [0mCREATE DATABASE `corde_test` DEFAULT CHARACTER SET `utf8`[0m
  [4;36;1mSQL (0.1ms)[0m   [0;1mSET NAMES 'utf8'[0m
  [4;35;1mSQL (0.2ms)[0m   [0mSET SQL_AUTO_IS_NULL=0[0m
  [4;36;1mSQL (0.4ms)[0m   [0;1mSHOW TABLES[0m
  [4;35;1mSQL (5.4ms)[0m   [0mCREATE TABLE `games` (`id` int(11) DEFAULT NULL auto_increment PRIMARY KEY, `boss1_id` int(11), `boss2_id` int(11), `created_at` datetime, `updated_at` datetime) ENGINE=InnoDB[0m
  [4;36;1mSQL (0.5ms)[0m   [0;1mSHOW TABLES[0m
  [4;35;1mSQL (2.9ms)[0m   [0mCREATE TABLE `players` (`id` int(11) DEFAULT NULL auto_increment PRIMARY KEY, `user_id` int(11), `game_id` int(11), `boss_id` int(11), `created_at` datetime, `updated_at` datetime) ENGINE=InnoDB[0m
  [4;36;1mSQL (0.5ms)[0m   [0;1mSHOW TABLES[0m
  [4;35;1mSQL (3.2ms)[0m   [0mCREATE TABLE `users` (`id` int(11) DEFAULT NULL auto_increment PRIMARY KEY, `name` varchar(255), `password` varchar(255), `money` int(11), `email` varchar(255), `created_at` datetime, `updated_at` datetime) ENGINE=InnoDB[0m
  [4;36;1mSQL (0.5ms)[0m   [0;1mSHOW TABLES[0m
  [4;35;1mSQL (2.8ms)[0m   [0mCREATE TABLE `schema_migrations` (`version` varchar(255) NOT NULL) ENGINE=InnoDB[0m
  [4;36;1mSQL (5.7ms)[0m   [0;1mCREATE UNIQUE INDEX `unique_schema_migrations` ON `schema_migrations` (`version`)[0m
  [4;35;1mSQL (0.5ms)[0m   [0mSHOW TABLES[0m
  [4;36;1mSQL (0.5ms)[0m   [0;1mSELECT version FROM `schema_migrations`[0m
  [4;35;1mSQL (1.5ms)[0m   [0mINSERT INTO `schema_migrations` (version) VALUES ('20090411131757')[0m
  [4;36;1mSQL (0.7ms)[0m   [0;1mINSERT INTO `schema_migrations` (version) VALUES ('20090407114010')[0m
  [4;35;1mSQL (20.0ms)[0m   [0mINSERT INTO `schema_migrations` (version) VALUES ('20090411131554')[0m
  [4;36;1mSQL (0.2ms)[0m   [0;1mSET NAMES 'utf8'[0m
  [4;35;1mSQL (0.2ms)[0m   [0mSET SQL_AUTO_IS_NULL=0[0m
  [4;36;1mSQL (0.5ms)[0m   [0;1mSHOW TABLES[0m
  [4;35;1mSQL (0.2ms)[0m   [0mSELECT version FROM schema_migrations[0m
  [4;36;1mSQL (0.1ms)[0m   [0;1mSET NAMES 'utf8'[0m
  [4;35;1mSQL (0.2ms)[0m   [0mSET SQL_AUTO_IS_NULL=0[0m
  [4;36;1mSQL (6.8ms)[0m   [0;1mDROP DATABASE IF EXISTS `corde_test`[0m
  [4;35;1mSQL (0.4ms)[0m   [0mCREATE DATABASE `corde_test` DEFAULT CHARACTER SET `utf8`[0m
  [4;36;1mSQL (0.2ms)[0m   [0;1mSET NAMES 'utf8'[0m
  [4;35;1mSQL (0.4ms)[0m   [0mSET SQL_AUTO_IS_NULL=0[0m
  [4;36;1mSQL (0.5ms)[0m   [0;1mSHOW TABLES[0m
  [4;35;1mSQL (20.8ms)[0m   [0mCREATE TABLE `games` (`id` int(11) DEFAULT NULL auto_increment PRIMARY KEY, `boss1_id` int(11), `boss2_id` int(11), `created_at` datetime, `updated_at` datetime) ENGINE=InnoDB[0m
  [4;36;1mSQL (0.5ms)[0m   [0;1mSHOW TABLES[0m
  [4;35;1mSQL (3.0ms)[0m   [0mCREATE TABLE `players` (`id` int(11) DEFAULT NULL auto_increment PRIMARY KEY, `user_id` int(11), `game_id` int(11), `boss_id` int(11), `created_at` datetime, `updated_at` datetime) ENGINE=InnoDB[0m
  [4;36;1mSQL (0.5ms)[0m   [0;1mSHOW TABLES[0m
  [4;35;1mSQL (4.5ms)[0m   [0mCREATE TABLE `users` (`id` int(11) DEFAULT NULL auto_increment PRIMARY KEY, `name` varchar(255), `password` varchar(255), `money` int(11), `email` varchar(255), `created_at` datetime, `updated_at` datetime) ENGINE=InnoDB[0m
  [4;36;1mSQL (0.5ms)[0m   [0;1mSHOW TABLES[0m
  [4;35;1mSQL (2.6ms)[0m   [0mCREATE TABLE `schema_migrations` (`version` varchar(255) NOT NULL) ENGINE=InnoDB[0m
  [4;36;1mSQL (5.9ms)[0m   [0;1mCREATE UNIQUE INDEX `unique_schema_migrations` ON `schema_migrations` (`version`)[0m
  [4;35;1mSQL (0.7ms)[0m   [0mSHOW TABLES[0m
  [4;36;1mSQL (0.5ms)[0m   [0;1mSELECT version FROM `schema_migrations`[0m
  [4;35;1mSQL (0.7ms)[0m   [0mINSERT INTO `schema_migrations` (version) VALUES ('20090411131757')[0m
  [4;36;1mSQL (0.7ms)[0m   [0;1mINSERT INTO `schema_migrations` (version) VALUES ('20090407114010')[0m
  [4;35;1mSQL (0.7ms)[0m   [0mINSERT INTO `schema_migrations` (version) VALUES ('20090411131554')[0m
  [4;36;1mSQL (0.2ms)[0m   [0;1mSET NAMES 'utf8'[0m
  [4;35;1mSQL (0.2ms)[0m   [0mSET SQL_AUTO_IS_NULL=0[0m
  [4;36;1mSQL (0.5ms)[0m   [0;1mSHOW TABLES[0m
  [4;35;1mSQL (0.2ms)[0m   [0mSELECT version FROM schema_migrations[0m
  [4;36;1mSQL (0.1ms)[0m   [0;1mSET NAMES 'utf8'[0m
  [4;35;1mSQL (0.2ms)[0m   [0mSET SQL_AUTO_IS_NULL=0[0m
  [4;36;1mSQL (34.0ms)[0m   [0;1mDROP DATABASE IF EXISTS `corde_test`[0m
  [4;35;1mSQL (0.4ms)[0m   [0mCREATE DATABASE `corde_test` DEFAULT CHARACTER SET `utf8`[0m
  [4;36;1mSQL (0.1ms)[0m   [0;1mSET NAMES 'utf8'[0m
  [4;35;1mSQL (0.2ms)[0m   [0mSET SQL_AUTO_IS_NULL=0[0m
  [4;36;1mSQL (0.4ms)[0m   [0;1mSHOW TABLES[0m
  [4;35;1mSQL (5.5ms)[0m   [0mCREATE TABLE `games` (`id` int(11) DEFAULT NULL auto_increment PRIMARY KEY, `boss1_id` int(11), `boss2_id` int(11), `created_at` datetime, `updated_at` datetime) ENGINE=InnoDB[0m
  [4;36;1mSQL (0.5ms)[0m   [0;1mSHOW TABLES[0m
  [4;35;1mSQL (2.6ms)[0m   [0mCREATE TABLE `players` (`id` int(11) DEFAULT NULL auto_increment PRIMARY KEY, `user_id` int(11), `game_id` int(11), `boss_id` int(11), `created_at` datetime, `updated_at` datetime) ENGINE=InnoDB[0m
  [4;36;1mSQL (0.5ms)[0m   [0;1mSHOW TABLES[0m
  [4;35;1mSQL (7.2ms)[0m   [0mCREATE TABLE `users` (`id` int(11) DEFAULT NULL auto_increment PRIMARY KEY, `name` varchar(255), `password` varchar(255), `money` int(11), `email` varchar(255), `created_at` datetime, `updated_at` datetime) ENGINE=InnoDB[0m
  [4;36;1mSQL (0.5ms)[0m   [0;1mSHOW TABLES[0m
  [4;35;1mSQL (6.3ms)[0m   [0mCREATE TABLE `schema_migrations` (`version` varchar(255) NOT NULL) ENGINE=InnoDB[0m
  [4;36;1mSQL (22.6ms)[0m   [0;1mCREATE UNIQUE INDEX `unique_schema_migrations` ON `schema_migrations` (`version`)[0m
  [4;35;1mSQL (0.5ms)[0m   [0mSHOW TABLES[0m
  [4;36;1mSQL (0.5ms)[0m   [0;1mSELECT version FROM `schema_migrations`[0m
  [4;35;1mSQL (1.3ms)[0m   [0mINSERT INTO `schema_migrations` (version) VALUES ('20090411131757')[0m
  [4;36;1mSQL (0.6ms)[0m   [0;1mINSERT INTO `schema_migrations` (version) VALUES ('20090407114010')[0m
  [4;35;1mSQL (0.7ms)[0m   [0mINSERT INTO `schema_migrations` (version) VALUES ('20090411131554')[0m
  [4;36;1mSQL (0.2ms)[0m   [0;1mSET NAMES 'utf8'[0m
  [4;35;1mSQL (0.2ms)[0m   [0mSET SQL_AUTO_IS_NULL=0[0m
  [4;36;1mSQL (0.5ms)[0m   [0;1mSHOW TABLES[0m
  [4;35;1mSQL (0.2ms)[0m   [0mSELECT version FROM schema_migrations[0m
  [4;36;1mSQL (0.2ms)[0m   [0;1mSET NAMES 'utf8'[0m
  [4;35;1mSQL (0.2ms)[0m   [0mSET SQL_AUTO_IS_NULL=0[0m
  [4;36;1mSQL (29.1ms)[0m   [0;1mDROP DATABASE IF EXISTS `corde_test`[0m
  [4;35;1mSQL (0.4ms)[0m   [0mCREATE DATABASE `corde_test` DEFAULT CHARACTER SET `utf8`[0m
  [4;36;1mSQL (0.1ms)[0m   [0;1mSET NAMES 'utf8'[0m
  [4;35;1mSQL (0.2ms)[0m   [0mSET SQL_AUTO_IS_NULL=0[0m
  [4;36;1mSQL (0.5ms)[0m   [0;1mSHOW TABLES[0m
  [4;35;1mSQL (6.0ms)[0m   [0mCREATE TABLE `games` (`id` int(11) DEFAULT NULL auto_increment PRIMARY KEY, `boss1_id` int(11), `boss2_id` int(11), `created_at` datetime, `updated_at` datetime) ENGINE=InnoDB[0m
  [4;36;1mSQL (0.5ms)[0m   [0;1mSHOW TABLES[0m
  [4;35;1mSQL (3.1ms)[0m   [0mCREATE TABLE `players` (`id` int(11) DEFAULT NULL auto_increment PRIMARY KEY, `user_id` int(11), `game_id` int(11), `boss_id` int(11), `created_at` datetime, `updated_at` datetime) ENGINE=InnoDB[0m
  [4;36;1mSQL (0.9ms)[0m   [0;1mSHOW TABLES[0m
  [4;35;1mSQL (4.1ms)[0m   [0mCREATE TABLE `users` (`id` int(11) DEFAULT NULL auto_increment PRIMARY KEY, `name` varchar(255), `password` varchar(255), `money` int(11), `email` varchar(255), `created_at` datetime, `updated_at` datetime) ENGINE=InnoDB[0m
  [4;36;1mSQL (0.5ms)[0m   [0;1mSHOW TABLES[0m
  [4;35;1mSQL (5.1ms)[0m   [0mCREATE TABLE `schema_migrations` (`version` varchar(255) NOT NULL) ENGINE=InnoDB[0m
  [4;36;1mSQL (9.7ms)[0m   [0;1mCREATE UNIQUE INDEX `unique_schema_migrations` ON `schema_migrations` (`version`)[0m
  [4;35;1mSQL (0.5ms)[0m   [0mSHOW TABLES[0m
  [4;36;1mSQL (0.5ms)[0m   [0;1mSELECT version FROM `schema_migrations`[0m
  [4;35;1mSQL (6.0ms)[0m   [0mINSERT INTO `schema_migrations` (version) VALUES ('20090411131757')[0m
  [4;36;1mSQL (0.8ms)[0m   [0;1mINSERT INTO `schema_migrations` (version) VALUES ('20090407114010')[0m
  [4;35;1mSQL (1.1ms)[0m   [0mINSERT INTO `schema_migrations` (version) VALUES ('20090411131554')[0m
  [4;36;1mSQL (0.2ms)[0m   [0;1mSET NAMES 'utf8'[0m
  [4;35;1mSQL (0.2ms)[0m   [0mSET SQL_AUTO_IS_NULL=0[0m
  [4;36;1mSQL (0.5ms)[0m   [0;1mSHOW TABLES[0m
  [4;35;1mSQL (0.2ms)[0m   [0mSELECT version FROM schema_migrations[0m
  [4;36;1mSQL (0.1ms)[0m   [0;1mSET NAMES 'utf8'[0m
  [4;35;1mSQL (0.2ms)[0m   [0mSET SQL_AUTO_IS_NULL=0[0m
  [4;36;1mSQL (10.8ms)[0m   [0;1mDROP DATABASE IF EXISTS `corde_test`[0m
  [4;35;1mSQL (0.4ms)[0m   [0mCREATE DATABASE `corde_test` DEFAULT CHARACTER SET `utf8`[0m
  [4;36;1mSQL (0.2ms)[0m   [0;1mSET NAMES 'utf8'[0m
  [4;35;1mSQL (0.2ms)[0m   [0mSET SQL_AUTO_IS_NULL=0[0m
  [4;36;1mSQL (0.4ms)[0m   [0;1mSHOW TABLES[0m
  [4;35;1mSQL (26.1ms)[0m   [0mCREATE TABLE `games` (`id` int(11) DEFAULT NULL auto_increment PRIMARY KEY, `boss1_id` int(11), `boss2_id` int(11), `created_at` datetime, `updated_at` datetime) ENGINE=InnoDB[0m
  [4;36;1mSQL (0.5ms)[0m   [0;1mSHOW TABLES[0m
  [4;35;1mSQL (2.8ms)[0m   [0mCREATE TABLE `players` (`id` int(11) DEFAULT NULL auto_increment PRIMARY KEY, `user_id` int(11), `game_id` int(11), `boss_id` int(11), `created_at` datetime, `updated_at` datetime) ENGINE=InnoDB[0m
  [4;36;1mSQL (0.5ms)[0m   [0;1mSHOW TABLES[0m
  [4;35;1mSQL (5.0ms)[0m   [0mCREATE TABLE `users` (`id` int(11) DEFAULT NULL auto_increment PRIMARY KEY, `name` varchar(255), `password` varchar(255), `money` int(11), `email` varchar(255), `created_at` datetime, `updated_at` datetime) ENGINE=InnoDB[0m
  [4;36;1mSQL (0.5ms)[0m   [0;1mSHOW TABLES[0m
  [4;35;1mSQL (2.7ms)[0m   [0mCREATE TABLE `schema_migrations` (`version` varchar(255) NOT NULL) ENGINE=InnoDB[0m
  [4;36;1mSQL (8.9ms)[0m   [0;1mCREATE UNIQUE INDEX `unique_schema_migrations` ON `schema_migrations` (`version`)[0m
  [4;35;1mSQL (0.5ms)[0m   [0mSHOW TABLES[0m
  [4;36;1mSQL (0.6ms)[0m   [0;1mSELECT version FROM `schema_migrations`[0m
  [4;35;1mSQL (0.8ms)[0m   [0mINSERT INTO `schema_migrations` (version) VALUES ('20090411131757')[0m
  [4;36;1mSQL (0.7ms)[0m   [0;1mINSERT INTO `schema_migrations` (version) VALUES ('20090407114010')[0m
  [4;35;1mSQL (0.8ms)[0m   [0mINSERT INTO `schema_migrations` (version) VALUES ('20090411131554')[0m
  [4;36;1mSQL (0.2ms)[0m   [0;1mSET NAMES 'utf8'[0m
  [4;35;1mSQL (0.3ms)[0m   [0mSET SQL_AUTO_IS_NULL=0[0m


Processing HomeController#index (for 127.0.0.1 at 2009-06-22 16:29:00) [GET]
  [4;36;1mUser Columns (2.7ms)[0m   [0;1mSHOW FIELDS FROM `users`[0m
  [4;35;1mUser Load (0.3ms)[0m   [0mSELECT * FROM `users` [0m
Rendering home/index
Completed in 99ms (View: 47, DB: 4) | 200 OK [http://localhost/home]
  [4;36;1mSQL (0.2ms)[0m   [0;1mSET NAMES 'utf8'[0m
  [4;35;1mSQL (0.3ms)[0m   [0mSET SQL_AUTO_IS_NULL=0[0m


Processing HomeController#signup_form (for 127.0.0.1 at 2009-06-22 16:29:03) [GET]
  [4;36;1mUser Columns (8.5ms)[0m   [0;1mSHOW FIELDS FROM `users`[0m
Rendering home/signup_form
Rendered home/_signup_form (23.1ms)
Completed in 83ms (View: 53, DB: 9) | 200 OK [http://localhost/home/signup_form]
  [4;36;1mSQL (0.2ms)[0m   [0;1mSET NAMES 'utf8'[0m
  [4;35;1mSQL (0.4ms)[0m   [0mSET SQL_AUTO_IS_NULL=0[0m
  [4;36;1mSQL (0.5ms)[0m   [0;1mSHOW TABLES[0m
  [4;35;1mSQL (0.2ms)[0m   [0mSELECT version FROM schema_migrations[0m
  [4;36;1mSQL (0.1ms)[0m   [0;1mSET NAMES 'utf8'[0m
  [4;35;1mSQL (0.2ms)[0m   [0mSET SQL_AUTO_IS_NULL=0[0m
  [4;36;1mSQL (14.6ms)[0m   [0;1mDROP DATABASE IF EXISTS `corde_test`[0m
  [4;35;1mSQL (0.6ms)[0m   [0mCREATE DATABASE `corde_test` DEFAULT CHARACTER SET `utf8`[0m
  [4;36;1mSQL (0.1ms)[0m   [0;1mSET NAMES 'utf8'[0m
  [4;35;1mSQL (0.2ms)[0m   [0mSET SQL_AUTO_IS_NULL=0[0m
  [4;36;1mSQL (0.4ms)[0m   [0;1mSHOW TABLES[0m
  [4;35;1mSQL (7.0ms)[0m   [0mCREATE TABLE `games` (`id` int(11) DEFAULT NULL auto_increment PRIMARY KEY, `boss1_id` int(11), `boss2_id` int(11), `created_at` datetime, `updated_at` datetime) ENGINE=InnoDB[0m
  [4;36;1mSQL (0.5ms)[0m   [0;1mSHOW TABLES[0m
  [4;35;1mSQL (7.0ms)[0m   [0mCREATE TABLE `players` (`id` int(11) DEFAULT NULL auto_increment PRIMARY KEY, `user_id` int(11), `game_id` int(11), `boss_id` int(11), `created_at` datetime, `updated_at` datetime) ENGINE=InnoDB[0m
  [4;36;1mSQL (0.5ms)[0m   [0;1mSHOW TABLES[0m
  [4;35;1mSQL (3.4ms)[0m   [0mCREATE TABLE `users` (`id` int(11) DEFAULT NULL auto_increment PRIMARY KEY, `name` varchar(255), `password` varchar(255), `money` int(11), `email` varchar(255), `created_at` datetime, `updated_at` datetime) ENGINE=InnoDB[0m
  [4;36;1mSQL (0.5ms)[0m   [0;1mSHOW TABLES[0m
  [4;35;1mSQL (5.0ms)[0m   [0mCREATE TABLE `schema_migrations` (`version` varchar(255) NOT NULL) ENGINE=InnoDB[0m
  [4;36;1mSQL (21.5ms)[0m   [0;1mCREATE UNIQUE INDEX `unique_schema_migrations` ON `schema_migrations` (`version`)[0m
  [4;35;1mSQL (0.5ms)[0m   [0mSHOW TABLES[0m
  [4;36;1mSQL (0.6ms)[0m   [0;1mSELECT version FROM `schema_migrations`[0m
  [4;35;1mSQL (1.3ms)[0m   [0mINSERT INTO `schema_migrations` (version) VALUES ('20090411131757')[0m
  [4;36;1mSQL (0.7ms)[0m   [0;1mINSERT INTO `schema_migrations` (version) VALUES ('20090407114010')[0m
  [4;35;1mSQL (0.6ms)[0m   [0mINSERT INTO `schema_migrations` (version) VALUES ('20090411131554')[0m
  [4;36;1mSQL (0.2ms)[0m   [0;1mSET NAMES 'utf8'[0m
  [4;35;1mSQL (0.2ms)[0m   [0mSET SQL_AUTO_IS_NULL=0[0m
  [4;36;1mSQL (0.5ms)[0m   [0;1mSHOW TABLES[0m
  [4;35;1mSQL (0.2ms)[0m   [0mSELECT version FROM schema_migrations[0m
  [4;36;1mSQL (0.1ms)[0m   [0;1mSET NAMES 'utf8'[0m
  [4;35;1mSQL (0.2ms)[0m   [0mSET SQL_AUTO_IS_NULL=0[0m
  [4;36;1mSQL (23.3ms)[0m   [0;1mDROP DATABASE IF EXISTS `corde_test`[0m
  [4;35;1mSQL (0.4ms)[0m   [0mCREATE DATABASE `corde_test` DEFAULT CHARACTER SET `utf8`[0m
  [4;36;1mSQL (0.1ms)[0m   [0;1mSET NAMES 'utf8'[0m
  [4;35;1mSQL (0.2ms)[0m   [0mSET SQL_AUTO_IS_NULL=0[0m
  [4;36;1mSQL (0.4ms)[0m   [0;1mSHOW TABLES[0m
  [4;35;1mSQL (6.2ms)[0m   [0mCREATE TABLE `games` (`id` int(11) DEFAULT NULL auto_increment PRIMARY KEY, `boss1_id` int(11), `boss2_id` int(11), `created_at` datetime, `updated_at` datetime) ENGINE=InnoDB[0m
  [4;36;1mSQL (0.5ms)[0m   [0;1mSHOW TABLES[0m
  [4;35;1mSQL (3.1ms)[0m   [0mCREATE TABLE `players` (`id` int(11) DEFAULT NULL auto_increment PRIMARY KEY, `user_id` int(11), `game_id` int(11), `boss_id` int(11), `created_at` datetime, `updated_at` datetime) ENGINE=InnoDB[0m
  [4;36;1mSQL (0.5ms)[0m   [0;1mSHOW TABLES[0m
  [4;35;1mSQL (4.0ms)[0m   [0mCREATE TABLE `users` (`id` int(11) DEFAULT NULL auto_increment PRIMARY KEY, `name` varchar(255), `password` varchar(255), `money` int(11), `email` varchar(255), `created_at` datetime, `updated_at` datetime) ENGINE=InnoDB[0m
  [4;36;1mSQL (0.5ms)[0m   [0;1mSHOW TABLES[0m
  [4;35;1mSQL (5.4ms)[0m   [0mCREATE TABLE `schema_migrations` (`version` varchar(255) NOT NULL) ENGINE=InnoDB[0m
  [4;36;1mSQL (6.2ms)[0m   [0;1mCREATE UNIQUE INDEX `unique_schema_migrations` ON `schema_migrations` (`version`)[0m
  [4;35;1mSQL (0.9ms)[0m   [0mSHOW TABLES[0m
  [4;36;1mSQL (0.5ms)[0m   [0;1mSELECT version FROM `schema_migrations`[0m
  [4;35;1mSQL (1.6ms)[0m   [0mINSERT INTO `schema_migrations` (version) VALUES ('20090411131757')[0m
  [4;36;1mSQL (26.1ms)[0m   [0;1mINSERT INTO `schema_migrations` (version) VALUES ('20090407114010')[0m
  [4;35;1mSQL (0.7ms)[0m   [0mINSERT INTO `schema_migrations` (version) VALUES ('20090411131554')[0m
  [4;36;1mSQL (0.2ms)[0m   [0;1mSET NAMES 'utf8'[0m
  [4;35;1mSQL (0.2ms)[0m   [0mSET SQL_AUTO_IS_NULL=0[0m
  [4;36;1mSQL (0.5ms)[0m   [0;1mSHOW TABLES[0m
  [4;35;1mSQL (0.2ms)[0m   [0mSELECT version FROM schema_migrations[0m
  [4;36;1mSQL (0.1ms)[0m   [0;1mSET NAMES 'utf8'[0m
  [4;35;1mSQL (0.2ms)[0m   [0mSET SQL_AUTO_IS_NULL=0[0m
  [4;36;1mSQL (8.9ms)[0m   [0;1mDROP DATABASE IF EXISTS `corde_test`[0m
  [4;35;1mSQL (0.4ms)[0m   [0mCREATE DATABASE `corde_test` DEFAULT CHARACTER SET `utf8`[0m
  [4;36;1mSQL (0.1ms)[0m   [0;1mSET NAMES 'utf8'[0m
  [4;35;1mSQL (0.2ms)[0m   [0mSET SQL_AUTO_IS_NULL=0[0m
  [4;36;1mSQL (0.4ms)[0m   [0;1mSHOW TABLES[0m
  [4;35;1mSQL (32.3ms)[0m   [0mCREATE TABLE `games` (`id` int(11) DEFAULT NULL auto_increment PRIMARY KEY, `boss1_id` int(11), `boss2_id` int(11), `created_at` datetime, `updated_at` datetime) ENGINE=InnoDB[0m
  [4;36;1mSQL (0.5ms)[0m   [0;1mSHOW TABLES[0m
  [4;35;1mSQL (2.6ms)[0m   [0mCREATE TABLE `players` (`id` int(11) DEFAULT NULL auto_increment PRIMARY KEY, `user_id` int(11), `game_id` int(11), `boss_id` int(11), `created_at` datetime, `updated_at` datetime) ENGINE=InnoDB[0m
  [4;36;1mSQL (0.5ms)[0m   [0;1mSHOW TABLES[0m
  [4;35;1mSQL (5.2ms)[0m   [0mCREATE TABLE `users` (`id` int(11) DEFAULT NULL auto_increment PRIMARY KEY, `name` varchar(255), `password` varchar(255), `money` int(11), `email` varchar(255), `created_at` datetime, `updated_at` datetime) ENGINE=InnoDB[0m
  [4;36;1mSQL (0.5ms)[0m   [0;1mSHOW TABLES[0m
  [4;35;1mSQL (2.4ms)[0m   [0mCREATE TABLE `schema_migrations` (`version` varchar(255) NOT NULL) ENGINE=InnoDB[0m
  [4;36;1mSQL (7.1ms)[0m   [0;1mCREATE UNIQUE INDEX `unique_schema_migrations` ON `schema_migrations` (`version`)[0m
  [4;35;1mSQL (0.5ms)[0m   [0mSHOW TABLES[0m
  [4;36;1mSQL (0.5ms)[0m   [0;1mSELECT version FROM `schema_migrations`[0m
  [4;35;1mSQL (0.8ms)[0m   [0mINSERT INTO `schema_migrations` (version) VALUES ('20090411131757')[0m
  [4;36;1mSQL (0.7ms)[0m   [0;1mINSERT INTO `schema_migrations` (version) VALUES ('20090407114010')[0m
  [4;35;1mSQL (0.7ms)[0m   [0mINSERT INTO `schema_migrations` (version) VALUES ('20090411131554')[0m
  [4;36;1mSQL (0.2ms)[0m   [0;1mSET NAMES 'utf8'[0m
  [4;35;1mSQL (0.2ms)[0m   [0mSET SQL_AUTO_IS_NULL=0[0m
  [4;36;1mSQL (0.7ms)[0m   [0;1mSHOW TABLES[0m
  [4;35;1mSQL (0.2ms)[0m   [0mSELECT version FROM schema_migrations[0m
  [4;36;1mSQL (0.1ms)[0m   [0;1mSET NAMES 'utf8'[0m
  [4;35;1mSQL (0.2ms)[0m   [0mSET SQL_AUTO_IS_NULL=0[0m
  [4;36;1mSQL (21.0ms)[0m   [0;1mDROP DATABASE IF EXISTS `corde_test`[0m
  [4;35;1mSQL (0.4ms)[0m   [0mCREATE DATABASE `corde_test` DEFAULT CHARACTER SET `utf8`[0m
  [4;36;1mSQL (0.2ms)[0m   [0;1mSET NAMES 'utf8'[0m
  [4;35;1mSQL (0.2ms)[0m   [0mSET SQL_AUTO_IS_NULL=0[0m
  [4;36;1mSQL (0.7ms)[0m   [0;1mSHOW TABLES[0m
  [4;35;1mSQL (6.4ms)[0m   [0mCREATE TABLE `games` (`id` int(11) DEFAULT NULL auto_increment PRIMARY KEY, `boss1_id` int(11), `boss2_id` int(11), `created_at` datetime, `updated_at` datetime) ENGINE=InnoDB[0m
  [4;36;1mSQL (0.5ms)[0m   [0;1mSHOW TABLES[0m
  [4;35;1mSQL (2.9ms)[0m   [0mCREATE TABLE `players` (`id` int(11) DEFAULT NULL auto_increment PRIMARY KEY, `user_id` int(11), `game_id` int(11), `boss_id` int(11), `created_at` datetime, `updated_at` datetime) ENGINE=InnoDB[0m
  [4;36;1mSQL (0.5ms)[0m   [0;1mSHOW TABLES[0m
  [4;35;1mSQL (3.1ms)[0m   [0mCREATE TABLE `users` (`id` int(11) DEFAULT NULL auto_increment PRIMARY KEY, `name` varchar(255), `password` varchar(255), `money` int(11), `email` varchar(255), `created_at` datetime, `updated_at` datetime) ENGINE=InnoDB[0m
  [4;36;1mSQL (0.5ms)[0m   [0;1mSHOW TABLES[0m
  [4;35;1mSQL (6.5ms)[0m   [0mCREATE TABLE `schema_migrations` (`version` varchar(255) NOT NULL) ENGINE=InnoDB[0m
  [4;36;1mSQL (26.3ms)[0m   [0;1mCREATE UNIQUE INDEX `unique_schema_migrations` ON `schema_migrations` (`version`)[0m
  [4;35;1mSQL (0.5ms)[0m   [0mSHOW TABLES[0m
  [4;36;1mSQL (0.5ms)[0m   [0;1mSELECT version FROM `schema_migrations`[0m
  [4;35;1mSQL (1.5ms)[0m   [0mINSERT INTO `schema_migrations` (version) VALUES ('20090411131757')[0m
  [4;36;1mSQL (0.6ms)[0m   [0;1mINSERT INTO `schema_migrations` (version) VALUES ('20090407114010')[0m
  [4;35;1mSQL (0.7ms)[0m   [0mINSERT INTO `schema_migrations` (version) VALUES ('20090411131554')[0m
  [4;36;1mSQL (0.2ms)[0m   [0;1mSET NAMES 'utf8'[0m
  [4;35;1mSQL (0.2ms)[0m   [0mSET SQL_AUTO_IS_NULL=0[0m
  [4;36;1mSQL (0.5ms)[0m   [0;1mSHOW TABLES[0m
  [4;35;1mSQL (0.2ms)[0m   [0mSELECT version FROM schema_migrations[0m
  [4;36;1mSQL (0.1ms)[0m   [0;1mSET NAMES 'utf8'[0m
  [4;35;1mSQL (0.2ms)[0m   [0mSET SQL_AUTO_IS_NULL=0[0m
  [4;36;1mSQL (33.6ms)[0m   [0;1mDROP DATABASE IF EXISTS `corde_test`[0m
  [4;35;1mSQL (0.4ms)[0m   [0mCREATE DATABASE `corde_test` DEFAULT CHARACTER SET `utf8`[0m
  [4;36;1mSQL (0.2ms)[0m   [0;1mSET NAMES 'utf8'[0m
  [4;35;1mSQL (0.2ms)[0m   [0mSET SQL_AUTO_IS_NULL=0[0m
  [4;36;1mSQL (0.4ms)[0m   [0;1mSHOW TABLES[0m
  [4;35;1mSQL (4.8ms)[0m   [0mCREATE TABLE `games` (`id` int(11) DEFAULT NULL auto_increment PRIMARY KEY, `boss1_id` int(11), `boss2_id` int(11), `created_at` datetime, `updated_at` datetime) ENGINE=InnoDB[0m
  [4;36;1mSQL (0.5ms)[0m   [0;1mSHOW TABLES[0m
  [4;35;1mSQL (3.7ms)[0m   [0mCREATE TABLE `players` (`id` int(11) DEFAULT NULL auto_increment PRIMARY KEY, `user_id` int(11), `game_id` int(11), `boss_id` int(11), `created_at` datetime, `updated_at` datetime) ENGINE=InnoDB[0m
  [4;36;1mSQL (0.5ms)[0m   [0;1mSHOW TABLES[0m
  [4;35;1mSQL (3.6ms)[0m   [0mCREATE TABLE `users` (`id` int(11) DEFAULT NULL auto_increment PRIMARY KEY, `name` varchar(255), `password` varchar(255), `money` int(11), `email` varchar(255), `created_at` datetime, `updated_at` datetime) ENGINE=InnoDB[0m
  [4;36;1mSQL (0.5ms)[0m   [0;1mSHOW TABLES[0m
  [4;35;1mSQL (4.9ms)[0m   [0mCREATE TABLE `schema_migrations` (`version` varchar(255) NOT NULL) ENGINE=InnoDB[0m
  [4;36;1mSQL (6.2ms)[0m   [0;1mCREATE UNIQUE INDEX `unique_schema_migrations` ON `schema_migrations` (`version`)[0m
  [4;35;1mSQL (0.5ms)[0m   [0mSHOW TABLES[0m
  [4;36;1mSQL (0.5ms)[0m   [0;1mSELECT version FROM `schema_migrations`[0m
  [4;35;1mSQL (1.2ms)[0m   [0mINSERT INTO `schema_migrations` (version) VALUES ('20090411131757')[0m
  [4;36;1mSQL (0.7ms)[0m   [0;1mINSERT INTO `schema_migrations` (version) VALUES ('20090407114010')[0m
  [4;35;1mSQL (28.6ms)[0m   [0mINSERT INTO `schema_migrations` (version) VALUES ('20090411131554')[0m
  [4;35;1mSQL (0.2ms)[0m   [0mSET NAMES 'utf8'[0m
  [4;36;1mSQL (0.4ms)[0m   [0;1mSET SQL_AUTO_IS_NULL=0[0m


Processing HomeController#signup_form (for 127.0.0.1 at 2009-06-22 16:40:34) [GET]
  [4;35;1mUser Columns (2.0ms)[0m   [0mSHOW FIELDS FROM `users`[0m
Rendering home/signup_form
Completed in 72ms (View: 40, DB: 3) | 200 OK [http://localhost/home/signup_form]
  [4;36;1mSQL (0.2ms)[0m   [0;1mSET NAMES 'utf8'[0m
  [4;35;1mSQL (0.3ms)[0m   [0mSET SQL_AUTO_IS_NULL=0[0m


Processing HomeController#signup_form (for 127.0.0.1 at 2009-06-22 16:40:35) [GET]
  [4;36;1mUser Columns (2.0ms)[0m   [0;1mSHOW FIELDS FROM `users`[0m
Rendering home/signup_form
Completed in 45ms (View: 14, DB: 3) | 200 OK [http://localhost/home/signup_form]
  [4;36;1mSQL (0.2ms)[0m   [0;1mSET NAMES 'utf8'[0m
  [4;35;1mSQL (0.2ms)[0m   [0mSET SQL_AUTO_IS_NULL=0[0m
  [4;36;1mSQL (0.5ms)[0m   [0;1mSHOW TABLES[0m
  [4;35;1mSQL (0.2ms)[0m   [0mSELECT version FROM schema_migrations[0m
  [4;36;1mSQL (0.1ms)[0m   [0;1mSET NAMES 'utf8'[0m
  [4;35;1mSQL (0.2ms)[0m   [0mSET SQL_AUTO_IS_NULL=0[0m
  [4;36;1mSQL (8.3ms)[0m   [0;1mDROP DATABASE IF EXISTS `corde_test`[0m
  [4;35;1mSQL (0.4ms)[0m   [0mCREATE DATABASE `corde_test` DEFAULT CHARACTER SET `utf8`[0m
  [4;36;1mSQL (0.2ms)[0m   [0;1mSET NAMES 'utf8'[0m
  [4;35;1mSQL (0.2ms)[0m   [0mSET SQL_AUTO_IS_NULL=0[0m
  [4;36;1mSQL (0.4ms)[0m   [0;1mSHOW TABLES[0m
  [4;35;1mSQL (30.0ms)[0m   [0mCREATE TABLE `games` (`id` int(11) DEFAULT NULL auto_increment PRIMARY KEY, `boss1_id` int(11), `boss2_id` int(11), `created_at` datetime, `updated_at` datetime) ENGINE=InnoDB[0m
  [4;36;1mSQL (0.5ms)[0m   [0;1mSHOW TABLES[0m
  [4;35;1mSQL (3.3ms)[0m   [0mCREATE TABLE `players` (`id` int(11) DEFAULT NULL auto_increment PRIMARY KEY, `user_id` int(11), `game_id` int(11), `boss_id` int(11), `created_at` datetime, `updated_at` datetime) ENGINE=InnoDB[0m
  [4;36;1mSQL (0.5ms)[0m   [0;1mSHOW TABLES[0m
  [4;35;1mSQL (4.1ms)[0m   [0mCREATE TABLE `users` (`id` int(11) DEFAULT NULL auto_increment PRIMARY KEY, `name` varchar(255), `password` varchar(255), `money` int(11), `email` varchar(255), `created_at` datetime, `updated_at` datetime) ENGINE=InnoDB[0m
  [4;36;1mSQL (0.5ms)[0m   [0;1mSHOW TABLES[0m
  [4;35;1mSQL (5.5ms)[0m   [0mCREATE TABLE `schema_migrations` (`version` varchar(255) NOT NULL) ENGINE=InnoDB[0m
  [4;36;1mSQL (6.6ms)[0m   [0;1mCREATE UNIQUE INDEX `unique_schema_migrations` ON `schema_migrations` (`version`)[0m
  [4;35;1mSQL (0.5ms)[0m   [0mSHOW TABLES[0m
  [4;36;1mSQL (0.6ms)[0m   [0;1mSELECT version FROM `schema_migrations`[0m
  [4;35;1mSQL (1.5ms)[0m   [0mINSERT INTO `schema_migrations` (version) VALUES ('20090411131757')[0m
  [4;36;1mSQL (0.7ms)[0m   [0;1mINSERT INTO `schema_migrations` (version) VALUES ('20090407114010')[0m
  [4;35;1mSQL (0.7ms)[0m   [0mINSERT INTO `schema_migrations` (version) VALUES ('20090411131554')[0m
  [4;35;1mSQL (0.2ms)[0m   [0mSET NAMES 'utf8'[0m
  [4;36;1mSQL (0.3ms)[0m   [0;1mSET SQL_AUTO_IS_NULL=0[0m


Processing HomeController#signup (for 127.0.0.1 at 2009-06-22 16:53:27) [POST]
  Parameters: {"commit"=>"Sign up", "authenticity_token"=>"MtQXPRTrYOGX/q6G4KBdOIoH1/lM6kLkK2w4PXwNO6g=", "user"=>{"name"=>"qsd", "password_confirmation"=>"qsdf", "password"=>"qsdf", "email"=>"q@a.com"}}
  [4;35;1mUser Columns (2.0ms)[0m   [0mSHOW FIELDS FROM `users`[0m
  [4;36;1mSQL (6.6ms)[0m   [0;1mBEGIN[0m
  [4;35;1mUser Exists (0.7ms)[0m   [0mSELECT `users`.id FROM `users` WHERE (LOWER(`users`.`email`) = BINARY 'q@a.com') LIMIT 1[0m
  [4;36;1mUser Exists (0.7ms)[0m   [0;1mSELECT `users`.id FROM `users` WHERE (LOWER(`users`.`name`) = BINARY 'qsd') LIMIT 1[0m
  [4;35;1mSQL (0.4ms)[0m   [0mROLLBACK[0m

ActionView::MissingTemplate (Missing template home/signup.erb in view path app/views):
  /usr/lib/ruby/1.8/webrick/httpserver.rb:104:in `service'
  /usr/lib/ruby/1.8/webrick/httpserver.rb:65:in `run'
  /usr/lib/ruby/1.8/webrick/server.rb:173:in `start_thread'
  /usr/lib/ruby/1.8/webrick/server.rb:162:in `start'
  /usr/lib/ruby/1.8/webrick/server.rb:162:in `start_thread'
  /usr/lib/ruby/1.8/webrick/server.rb:95:in `start'
  /usr/lib/ruby/1.8/webrick/server.rb:92:in `each'
  /usr/lib/ruby/1.8/webrick/server.rb:92:in `start'
  /usr/lib/ruby/1.8/webrick/server.rb:23:in `start'
  /usr/lib/ruby/1.8/webrick/server.rb:82:in `start'

Rendering rescues/layout (internal_server_error)
  [4;36;1mSQL (0.2ms)[0m   [0;1mSET NAMES 'utf8'[0m
  [4;35;1mSQL (8.4ms)[0m   [0mSET SQL_AUTO_IS_NULL=0[0m


Processing HomeController#signup (for 127.0.0.1 at 2009-06-22 16:53:37) [POST]
  Parameters: {"commit"=>"Sign up", "authenticity_token"=>"MtQXPRTrYOGX/q6G4KBdOIoH1/lM6kLkK2w4PXwNO6g=", "user"=>{"name"=>"qsd", "password_confirmation"=>"qsdf", "password"=>"qsdf", "email"=>"q@a.com"}}
  [4;36;1mUser Columns (2.6ms)[0m   [0;1mSHOW FIELDS FROM `users`[0m
  [4;35;1mSQL (0.2ms)[0m   [0mBEGIN[0m
  [4;36;1mUser Exists (0.3ms)[0m   [0;1mSELECT `users`.id FROM `users` WHERE (LOWER(`users`.`email`) = BINARY 'q@a.com') LIMIT 1[0m
  [4;35;1mUser Exists (0.3ms)[0m   [0mSELECT `users`.id FROM `users` WHERE (LOWER(`users`.`name`) = BINARY 'qsd') LIMIT 1[0m
  [4;36;1mSQL (0.3ms)[0m   [0;1mROLLBACK[0m

ActionView::MissingTemplate (Missing template home/signup.erb in view path app/views):
  /usr/lib/ruby/1.8/webrick/httpserver.rb:104:in `service'
  /usr/lib/ruby/1.8/webrick/httpserver.rb:65:in `run'
  /usr/lib/ruby/1.8/webrick/server.rb:173:in `start_thread'
  /usr/lib/ruby/1.8/webrick/server.rb:162:in `start'
  /usr/lib/ruby/1.8/webrick/server.rb:162:in `start_thread'
  /usr/lib/ruby/1.8/webrick/server.rb:95:in `start'
  /usr/lib/ruby/1.8/webrick/server.rb:92:in `each'
  /usr/lib/ruby/1.8/webrick/server.rb:92:in `start'
  /usr/lib/ruby/1.8/webrick/server.rb:23:in `start'
  /usr/lib/ruby/1.8/webrick/server.rb:82:in `start'

Rendering rescues/layout (internal_server_error)
  [4;35;1mSQL (0.3ms)[0m   [0mSET NAMES 'utf8'[0m
  [4;36;1mSQL (8.1ms)[0m   [0;1mSET SQL_AUTO_IS_NULL=0[0m


Processing HomeController#signup (for 127.0.0.1 at 2009-06-22 16:58:21) [POST]
  Parameters: {"commit"=>"Sign up", "authenticity_token"=>"MtQXPRTrYOGX/q6G4KBdOIoH1/lM6kLkK2w4PXwNO6g=", "user"=>{"name"=>"qsd", "password_confirmation"=>"qsdf", "password"=>"qsdf", "email"=>"q@a.com"}}
  [4;35;1mUser Columns (8.7ms)[0m   [0mSHOW FIELDS FROM `users`[0m
  [4;36;1mSQL (8.4ms)[0m   [0;1mBEGIN[0m
  [4;35;1mUser Exists (0.3ms)[0m   [0mSELECT `users`.id FROM `users` WHERE (LOWER(`users`.`email`) = BINARY 'q@a.com') LIMIT 1[0m
  [4;36;1mUser Exists (0.3ms)[0m   [0;1mSELECT `users`.id FROM `users` WHERE (LOWER(`users`.`name`) = BINARY 'qsd') LIMIT 1[0m
  [4;35;1mSQL (0.3ms)[0m   [0mROLLBACK[0m
Rendering home/signup
Completed in 123ms (View: 42, DB: 26) | 200 OK [http://localhost/home/signup]
  [4;36;1mSQL (0.2ms)[0m   [0;1mSET NAMES 'utf8'[0m
  [4;35;1mSQL (8.0ms)[0m   [0mSET SQL_AUTO_IS_NULL=0[0m


Processing HomeController#signup (for 127.0.0.1 at 2009-06-22 16:58:32) [POST]
  Parameters: {"commit"=>"Sign up", "authenticity_token"=>"MtQXPRTrYOGX/q6G4KBdOIoH1/lM6kLkK2w4PXwNO6g=", "user"=>{"name"=>"qsdfe", "password_confirmation"=>"qsdffe", "password"=>"qsdffe", "email"=>"q@a.com"}}
  [4;36;1mUser Columns (2.0ms)[0m   [0;1mSHOW FIELDS FROM `users`[0m
  [4;35;1mSQL (0.3ms)[0m   [0mBEGIN[0m
  [4;36;1mUser Exists (6.5ms)[0m   [0;1mSELECT `users`.id FROM `users` WHERE (LOWER(`users`.`email`) = BINARY 'q@a.com') LIMIT 1[0m
  [4;35;1mUser Exists (0.9ms)[0m   [0mSELECT `users`.id FROM `users` WHERE (LOWER(`users`.`name`) = BINARY 'qsdfe') LIMIT 1[0m
  [4;36;1mUser Create (0.7ms)[0m   [0;1mINSERT INTO `users` (`name`, `created_at`, `money`, `updated_at`, `password`, `email`) VALUES('qsdfe', '2009-06-22 23:58:32', 1000, '2009-06-22 23:58:32', 'qsdffe', 'q@a.com')[0m
  [4;35;1mSQL (4.9ms)[0m   [0mCOMMIT[0m
Redirected to http://localhost:3000/home/me
Completed in 64ms (DB: 24) | 302 Found [http://localhost/home/signup]
  [4;36;1mSQL (0.2ms)[0m   [0;1mSET NAMES 'utf8'[0m
  [4;35;1mSQL (0.3ms)[0m   [0mSET SQL_AUTO_IS_NULL=0[0m


Processing HomeController#me (for 127.0.0.1 at 2009-06-22 16:58:33) [GET]
Redirected to http://localhost:3000/home
Completed in 9ms (DB: 0) | 302 Found [http://localhost/home/me]
  [4;36;1mSQL (0.2ms)[0m   [0;1mSET NAMES 'utf8'[0m
  [4;35;1mSQL (0.3ms)[0m   [0mSET SQL_AUTO_IS_NULL=0[0m


Processing HomeController#index (for 127.0.0.1 at 2009-06-22 16:58:33) [GET]
  [4;36;1mUser Columns (2.6ms)[0m   [0;1mSHOW FIELDS FROM `users`[0m
  [4;35;1mUser Load (0.7ms)[0m   [0mSELECT * FROM `users` [0m
Rendering home/index
Completed in 295ms (View: 23, DB: 4) | 200 OK [http://localhost/home]
  [4;36;1mSQL (0.2ms)[0m   [0;1mSET NAMES 'utf8'[0m
  [4;35;1mSQL (33.5ms)[0m   [0mSET SQL_AUTO_IS_NULL=0[0m


Processing HomeController#signup_form (for 127.0.0.1 at 2009-06-22 16:58:38) [GET]
  [4;36;1mUser Columns (6.0ms)[0m   [0;1mSHOW FIELDS FROM `users`[0m
Rendering home/signup_form
Completed in 57ms (View: 21, DB: 40) | 200 OK [http://localhost/home/signup_form]
  [4;35;1mSQL (0.2ms)[0m   [0mSET NAMES 'utf8'[0m
  [4;36;1mSQL (0.3ms)[0m   [0;1mSET SQL_AUTO_IS_NULL=0[0m


Processing HomeController#signup (for 127.0.0.1 at 2009-06-22 16:58:52) [POST]
  Parameters: {"commit"=>"Sign up", "authenticity_token"=>"MtQXPRTrYOGX/q6G4KBdOIoH1/lM6kLkK2w4PXwNO6g=", "user"=>{"name"=>"pifpaf", "password_confirmation"=>"poufpim", "password"=>"poufpim", "email"=>"pan"}}
  [4;35;1mUser Columns (2.1ms)[0m   [0mSHOW FIELDS FROM `users`[0m
  [4;36;1mSQL (0.2ms)[0m   [0;1mBEGIN[0m
  [4;35;1mUser Exists (0.7ms)[0m   [0mSELECT `users`.id FROM `users` WHERE (LOWER(`users`.`email`) = BINARY 'pan') LIMIT 1[0m
  [4;36;1mUser Exists (0.7ms)[0m   [0;1mSELECT `users`.id FROM `users` WHERE (LOWER(`users`.`name`) = BINARY 'pifpaf') LIMIT 1[0m
  [4;35;1mUser Create (0.6ms)[0m   [0mINSERT INTO `users` (`name`, `created_at`, `money`, `updated_at`, `password`, `email`) VALUES('pifpaf', '2009-06-22 23:58:52', 1000, '2009-06-22 23:58:52', 'poufpim', 'pan')[0m
  [4;36;1mSQL (4.7ms)[0m   [0;1mCOMMIT[0m
Redirected to http://localhost:3000/home/me
Completed in 67ms (DB: 10) | 302 Found [http://localhost/home/signup]
  [4;35;1mSQL (0.3ms)[0m   [0mSET NAMES 'utf8'[0m
  [4;36;1mSQL (0.3ms)[0m   [0;1mSET SQL_AUTO_IS_NULL=0[0m


Processing HomeController#me (for 127.0.0.1 at 2009-06-22 16:58:52) [GET]
Redirected to http://localhost:3000/home
Completed in 14ms (DB: 1) | 302 Found [http://localhost/home/me]
  [4;35;1mSQL (0.2ms)[0m   [0mSET NAMES 'utf8'[0m
  [4;36;1mSQL (0.3ms)[0m   [0;1mSET SQL_AUTO_IS_NULL=0[0m


Processing HomeController#index (for 127.0.0.1 at 2009-06-22 16:58:52) [GET]
  [4;35;1mUser Columns (2.0ms)[0m   [0mSHOW FIELDS FROM `users`[0m
  [4;36;1mUser Load (0.7ms)[0m   [0;1mSELECT * FROM `users` [0m
Rendering home/index
Completed in 62ms (View: 31, DB: 3) | 200 OK [http://localhost/home]
  [4;36;1mSQL (0.2ms)[0m   [0;1mSET NAMES 'utf8'[0m
  [4;35;1mSQL (0.2ms)[0m   [0mSET SQL_AUTO_IS_NULL=0[0m
  [4;36;1mSQL (0.5ms)[0m   [0;1mSHOW TABLES[0m
  [4;35;1mSQL (0.2ms)[0m   [0mSELECT version FROM schema_migrations[0m
  [4;36;1mSQL (0.1ms)[0m   [0;1mSET NAMES 'utf8'[0m
  [4;35;1mSQL (0.2ms)[0m   [0mSET SQL_AUTO_IS_NULL=0[0m
  [4;36;1mSQL (14.7ms)[0m   [0;1mDROP DATABASE IF EXISTS `corde_test`[0m
  [4;35;1mSQL (0.4ms)[0m   [0mCREATE DATABASE `corde_test` DEFAULT CHARACTER SET `utf8`[0m
  [4;36;1mSQL (0.1ms)[0m   [0;1mSET NAMES 'utf8'[0m
  [4;35;1mSQL (0.2ms)[0m   [0mSET SQL_AUTO_IS_NULL=0[0m
  [4;36;1mSQL (0.4ms)[0m   [0;1mSHOW TABLES[0m
  [4;35;1mSQL (6.9ms)[0m   [0mCREATE TABLE `games` (`id` int(11) DEFAULT NULL auto_increment PRIMARY KEY, `boss1_id` int(11), `boss2_id` int(11), `created_at` datetime, `updated_at` datetime) ENGINE=InnoDB[0m
  [4;36;1mSQL (0.5ms)[0m   [0;1mSHOW TABLES[0m
  [4;35;1mSQL (2.8ms)[0m   [0mCREATE TABLE `players` (`id` int(11) DEFAULT NULL auto_increment PRIMARY KEY, `user_id` int(11), `game_id` int(11), `boss_id` int(11), `created_at` datetime, `updated_at` datetime) ENGINE=InnoDB[0m
  [4;36;1mSQL (0.5ms)[0m   [0;1mSHOW TABLES[0m
  [4;35;1mSQL (3.5ms)[0m   [0mCREATE TABLE `users` (`id` int(11) DEFAULT NULL auto_increment PRIMARY KEY, `name` varchar(255), `password` varchar(255), `money` int(11), `email` varchar(255), `created_at` datetime, `updated_at` datetime) ENGINE=InnoDB[0m
  [4;36;1mSQL (0.5ms)[0m   [0;1mSHOW TABLES[0m
  [4;35;1mSQL (5.7ms)[0m   [0mCREATE TABLE `schema_migrations` (`version` varchar(255) NOT NULL) ENGINE=InnoDB[0m
  [4;36;1mSQL (7.5ms)[0m   [0;1mCREATE UNIQUE INDEX `unique_schema_migrations` ON `schema_migrations` (`version`)[0m
  [4;35;1mSQL (0.5ms)[0m   [0mSHOW TABLES[0m
  [4;36;1mSQL (0.5ms)[0m   [0;1mSELECT version FROM `schema_migrations`[0m
  [4;35;1mSQL (0.8ms)[0m   [0mINSERT INTO `schema_migrations` (version) VALUES ('20090411131757')[0m
  [4;36;1mSQL (0.8ms)[0m   [0;1mINSERT INTO `schema_migrations` (version) VALUES ('20090407114010')[0m
  [4;35;1mSQL (0.8ms)[0m   [0mINSERT INTO `schema_migrations` (version) VALUES ('20090411131554')[0m
  [4;35;1mSQL (0.3ms)[0m   [0mSET NAMES 'utf8'[0m
  [4;36;1mSQL (0.3ms)[0m   [0;1mSET SQL_AUTO_IS_NULL=0[0m


Processing HomeController#signup_form (for 127.0.0.1 at 2009-06-22 16:59:32) [GET]
  [4;35;1mUser Columns (2.0ms)[0m   [0mSHOW FIELDS FROM `users`[0m
Rendering home/signup_form
Completed in 58ms (View: 22, DB: 3) | 200 OK [http://localhost/home/signup_form]
  [4;36;1mSQL (0.2ms)[0m   [0;1mSET NAMES 'utf8'[0m
  [4;35;1mSQL (0.2ms)[0m   [0mSET SQL_AUTO_IS_NULL=0[0m
  [4;36;1mSQL (0.5ms)[0m   [0;1mSHOW TABLES[0m
  [4;35;1mSQL (0.2ms)[0m   [0mSELECT version FROM schema_migrations[0m
  [4;36;1mSQL (0.2ms)[0m   [0;1mSET NAMES 'utf8'[0m
  [4;35;1mSQL (0.2ms)[0m   [0mSET SQL_AUTO_IS_NULL=0[0m
  [4;36;1mSQL (26.1ms)[0m   [0;1mDROP DATABASE IF EXISTS `corde_test`[0m
  [4;35;1mSQL (0.4ms)[0m   [0mCREATE DATABASE `corde_test` DEFAULT CHARACTER SET `utf8`[0m
  [4;36;1mSQL (0.2ms)[0m   [0;1mSET NAMES 'utf8'[0m
  [4;35;1mSQL (0.2ms)[0m   [0mSET SQL_AUTO_IS_NULL=0[0m
  [4;36;1mSQL (0.7ms)[0m   [0;1mSHOW TABLES[0m
  [4;35;1mSQL (4.6ms)[0m   [0mCREATE TABLE `games` (`id` int(11) DEFAULT NULL auto_increment PRIMARY KEY, `boss1_id` int(11), `boss2_id` int(11), `created_at` datetime, `updated_at` datetime) ENGINE=InnoDB[0m
  [4;36;1mSQL (0.5ms)[0m   [0;1mSHOW TABLES[0m
  [4;35;1mSQL (3.3ms)[0m   [0mCREATE TABLE `players` (`id` int(11) DEFAULT NULL auto_increment PRIMARY KEY, `user_id` int(11), `game_id` int(11), `boss_id` int(11), `created_at` datetime, `updated_at` datetime) ENGINE=InnoDB[0m
  [4;36;1mSQL (0.5ms)[0m   [0;1mSHOW TABLES[0m
  [4;35;1mSQL (21.0ms)[0m   [0mCREATE TABLE `users` (`id` int(11) DEFAULT NULL auto_increment PRIMARY KEY, `name` varchar(255), `password` varchar(255), `money` int(11), `email` varchar(255), `created_at` datetime, `updated_at` datetime) ENGINE=InnoDB[0m
  [4;36;1mSQL (0.5ms)[0m   [0;1mSHOW TABLES[0m
  [4;35;1mSQL (3.5ms)[0m   [0mCREATE TABLE `schema_migrations` (`version` varchar(255) NOT NULL) ENGINE=InnoDB[0m
  [4;36;1mSQL (25.2ms)[0m   [0;1mCREATE UNIQUE INDEX `unique_schema_migrations` ON `schema_migrations` (`version`)[0m
  [4;35;1mSQL (0.5ms)[0m   [0mSHOW TABLES[0m
  [4;36;1mSQL (0.5ms)[0m   [0;1mSELECT version FROM `schema_migrations`[0m
  [4;35;1mSQL (1.2ms)[0m   [0mINSERT INTO `schema_migrations` (version) VALUES ('20090411131757')[0m
  [4;36;1mSQL (0.6ms)[0m   [0;1mINSERT INTO `schema_migrations` (version) VALUES ('20090407114010')[0m
  [4;35;1mSQL (0.8ms)[0m   [0mINSERT INTO `schema_migrations` (version) VALUES ('20090411131554')[0m
  [4;36;1mSQL (0.2ms)[0m   [0;1mSET NAMES 'utf8'[0m
  [4;35;1mSQL (0.2ms)[0m   [0mSET SQL_AUTO_IS_NULL=0[0m
  [4;36;1mSQL (0.5ms)[0m   [0;1mSHOW TABLES[0m
  [4;35;1mSQL (0.2ms)[0m   [0mSELECT version FROM schema_migrations[0m
  [4;36;1mSQL (0.1ms)[0m   [0;1mSET NAMES 'utf8'[0m
  [4;35;1mSQL (0.2ms)[0m   [0mSET SQL_AUTO_IS_NULL=0[0m
  [4;36;1mSQL (6.9ms)[0m   [0;1mDROP DATABASE IF EXISTS `corde_test`[0m
  [4;35;1mSQL (0.4ms)[0m   [0mCREATE DATABASE `corde_test` DEFAULT CHARACTER SET `utf8`[0m
  [4;36;1mSQL (0.2ms)[0m   [0;1mSET NAMES 'utf8'[0m
  [4;35;1mSQL (0.2ms)[0m   [0mSET SQL_AUTO_IS_NULL=0[0m
  [4;36;1mSQL (1.0ms)[0m   [0;1mSHOW TABLES[0m
  [4;35;1mSQL (21.6ms)[0m   [0mCREATE TABLE `games` (`id` int(11) DEFAULT NULL auto_increment PRIMARY KEY, `boss1_id` int(11), `boss2_id` int(11), `created_at` datetime, `updated_at` datetime) ENGINE=InnoDB[0m
  [4;36;1mSQL (0.5ms)[0m   [0;1mSHOW TABLES[0m
  [4;35;1mSQL (4.1ms)[0m   [0mCREATE TABLE `players` (`id` int(11) DEFAULT NULL auto_increment PRIMARY KEY, `user_id` int(11), `game_id` int(11), `boss_id` int(11), `created_at` datetime, `updated_at` datetime) ENGINE=InnoDB[0m
  [4;36;1mSQL (0.5ms)[0m   [0;1mSHOW TABLES[0m
  [4;35;1mSQL (3.3ms)[0m   [0mCREATE TABLE `users` (`id` int(11) DEFAULT NULL auto_increment PRIMARY KEY, `name` varchar(255), `password` varchar(255), `money` int(11), `email` varchar(255), `created_at` datetime, `updated_at` datetime) ENGINE=InnoDB[0m
  [4;36;1mSQL (0.5ms)[0m   [0;1mSHOW TABLES[0m
  [4;35;1mSQL (4.6ms)[0m   [0mCREATE TABLE `schema_migrations` (`version` varchar(255) NOT NULL) ENGINE=InnoDB[0m
  [4;36;1mSQL (7.0ms)[0m   [0;1mCREATE UNIQUE INDEX `unique_schema_migrations` ON `schema_migrations` (`version`)[0m
  [4;35;1mSQL (0.5ms)[0m   [0mSHOW TABLES[0m
  [4;36;1mSQL (0.5ms)[0m   [0;1mSELECT version FROM `schema_migrations`[0m
  [4;35;1mSQL (1.3ms)[0m   [0mINSERT INTO `schema_migrations` (version) VALUES ('20090411131757')[0m
  [4;36;1mSQL (0.7ms)[0m   [0;1mINSERT INTO `schema_migrations` (version) VALUES ('20090407114010')[0m
  [4;35;1mSQL (0.7ms)[0m   [0mINSERT INTO `schema_migrations` (version) VALUES ('20090411131554')[0m
  [4;36;1mSQL (0.3ms)[0m   [0;1mSET NAMES 'utf8'[0m
  [4;35;1mSQL (0.3ms)[0m   [0mSET SQL_AUTO_IS_NULL=0[0m


Processing HomeController#signup_form (for 127.0.0.1 at 2009-06-22 17:04:38) [GET]
  [4;36;1mUser Columns (2.0ms)[0m   [0;1mSHOW FIELDS FROM `users`[0m
Rendering home/signup_form
Completed in 84ms (View: 54, DB: 3) | 200 OK [http://localhost/home/signup_form]
  [4;36;1mSQL (0.2ms)[0m   [0;1mSET NAMES 'utf8'[0m
  [4;35;1mSQL (0.2ms)[0m   [0mSET SQL_AUTO_IS_NULL=0[0m
  [4;36;1mSQL (0.5ms)[0m   [0;1mSHOW TABLES[0m
  [4;35;1mSQL (0.2ms)[0m   [0mSELECT version FROM schema_migrations[0m
  [4;36;1mSQL (1.3ms)[0m   [0;1mSET NAMES 'utf8'[0m
  [4;35;1mSQL (3.3ms)[0m   [0mSET SQL_AUTO_IS_NULL=0[0m
  [4;36;1mSQL (31.3ms)[0m   [0;1mDROP DATABASE IF EXISTS `corde_test`[0m
  [4;35;1mSQL (0.4ms)[0m   [0mCREATE DATABASE `corde_test` DEFAULT CHARACTER SET `utf8`[0m
  [4;36;1mSQL (0.2ms)[0m   [0;1mSET NAMES 'utf8'[0m
  [4;35;1mSQL (0.2ms)[0m   [0mSET SQL_AUTO_IS_NULL=0[0m
  [4;36;1mSQL (2.6ms)[0m   [0;1mSHOW TABLES[0m
  [4;35;1mSQL (5.7ms)[0m   [0mCREATE TABLE `games` (`id` int(11) DEFAULT NULL auto_increment PRIMARY KEY, `boss1_id` int(11), `boss2_id` int(11), `created_at` datetime, `updated_at` datetime) ENGINE=InnoDB[0m
  [4;36;1mSQL (1.4ms)[0m   [0;1mSHOW TABLES[0m
  [4;35;1mSQL (3.1ms)[0m   [0mCREATE TABLE `players` (`id` int(11) DEFAULT NULL auto_increment PRIMARY KEY, `user_id` int(11), `game_id` int(11), `boss_id` int(11), `created_at` datetime, `updated_at` datetime) ENGINE=InnoDB[0m
  [4;36;1mSQL (0.5ms)[0m   [0;1mSHOW TABLES[0m
  [4;35;1mSQL (5.1ms)[0m   [0mCREATE TABLE `users` (`id` int(11) DEFAULT NULL auto_increment PRIMARY KEY, `name` varchar(255), `password` varchar(255), `money` int(11), `email` varchar(255), `created_at` datetime, `updated_at` datetime) ENGINE=InnoDB[0m
  [4;36;1mSQL (0.5ms)[0m   [0;1mSHOW TABLES[0m
  [4;35;1mSQL (3.6ms)[0m   [0mCREATE TABLE `schema_migrations` (`version` varchar(255) NOT NULL) ENGINE=InnoDB[0m
  [4;36;1mSQL (6.3ms)[0m   [0;1mCREATE UNIQUE INDEX `unique_schema_migrations` ON `schema_migrations` (`version`)[0m
  [4;35;1mSQL (0.5ms)[0m   [0mSHOW TABLES[0m
  [4;36;1mSQL (1.5ms)[0m   [0;1mSELECT version FROM `schema_migrations`[0m
  [4;35;1mSQL (3.9ms)[0m   [0mINSERT INTO `schema_migrations` (version) VALUES ('20090411131757')[0m
  [4;36;1mSQL (0.8ms)[0m   [0;1mINSERT INTO `schema_migrations` (version) VALUES ('20090407114010')[0m
  [4;35;1mSQL (0.8ms)[0m   [0mINSERT INTO `schema_migrations` (version) VALUES ('20090411131554')[0m
  [4;36;1mSQL (0.3ms)[0m   [0;1mSET NAMES 'utf8'[0m
  [4;35;1mSQL (0.2ms)[0m   [0mSET SQL_AUTO_IS_NULL=0[0m
  [4;36;1mSQL (0.5ms)[0m   [0;1mSHOW TABLES[0m
  [4;35;1mSQL (0.2ms)[0m   [0mSELECT version FROM schema_migrations[0m
  [4;36;1mSQL (0.1ms)[0m   [0;1mSET NAMES 'utf8'[0m
  [4;35;1mSQL (0.2ms)[0m   [0mSET SQL_AUTO_IS_NULL=0[0m
  [4;36;1mSQL (31.4ms)[0m   [0;1mDROP DATABASE IF EXISTS `corde_test`[0m
  [4;35;1mSQL (0.4ms)[0m   [0mCREATE DATABASE `corde_test` DEFAULT CHARACTER SET `utf8`[0m
  [4;36;1mSQL (0.2ms)[0m   [0;1mSET NAMES 'utf8'[0m
  [4;35;1mSQL (0.2ms)[0m   [0mSET SQL_AUTO_IS_NULL=0[0m
  [4;36;1mSQL (0.4ms)[0m   [0;1mSHOW TABLES[0m
  [4;35;1mSQL (4.6ms)[0m   [0mCREATE TABLE `games` (`id` int(11) DEFAULT NULL auto_increment PRIMARY KEY, `boss1_id` int(11), `boss2_id` int(11), `created_at` datetime, `updated_at` datetime) ENGINE=InnoDB[0m
  [4;36;1mSQL (0.5ms)[0m   [0;1mSHOW TABLES[0m
  [4;35;1mSQL (3.2ms)[0m   [0mCREATE TABLE `players` (`id` int(11) DEFAULT NULL auto_increment PRIMARY KEY, `user_id` int(11), `game_id` int(11), `boss_id` int(11), `created_at` datetime, `updated_at` datetime) ENGINE=InnoDB[0m
  [4;36;1mSQL (0.5ms)[0m   [0;1mSHOW TABLES[0m
  [4;35;1mSQL (3.0ms)[0m   [0mCREATE TABLE `users` (`id` int(11) DEFAULT NULL auto_increment PRIMARY KEY, `name` varchar(255), `password` varchar(255), `money` int(11), `email` varchar(255), `created_at` datetime, `updated_at` datetime) ENGINE=InnoDB[0m
  [4;36;1mSQL (0.5ms)[0m   [0;1mSHOW TABLES[0m
  [4;35;1mSQL (6.7ms)[0m   [0mCREATE TABLE `schema_migrations` (`version` varchar(255) NOT NULL) ENGINE=InnoDB[0m
  [4;36;1mSQL (17.0ms)[0m   [0;1mCREATE UNIQUE INDEX `unique_schema_migrations` ON `schema_migrations` (`version`)[0m
  [4;35;1mSQL (0.5ms)[0m   [0mSHOW TABLES[0m
  [4;36;1mSQL (0.6ms)[0m   [0;1mSELECT version FROM `schema_migrations`[0m
  [4;35;1mSQL (1.4ms)[0m   [0mINSERT INTO `schema_migrations` (version) VALUES ('20090411131757')[0m
  [4;36;1mSQL (0.7ms)[0m   [0;1mINSERT INTO `schema_migrations` (version) VALUES ('20090407114010')[0m
  [4;35;1mSQL (0.7ms)[0m   [0mINSERT INTO `schema_migrations` (version) VALUES ('20090411131554')[0m
  [4;36;1mSQL (0.3ms)[0m   [0;1mSET NAMES 'utf8'[0m
  [4;35;1mSQL (0.2ms)[0m   [0mSET SQL_AUTO_IS_NULL=0[0m
  [4;36;1mSQL (0.5ms)[0m   [0;1mSHOW TABLES[0m
  [4;35;1mSQL (0.2ms)[0m   [0mSELECT version FROM schema_migrations[0m
  [4;36;1mSQL (0.1ms)[0m   [0;1mSET NAMES 'utf8'[0m
  [4;35;1mSQL (0.2ms)[0m   [0mSET SQL_AUTO_IS_NULL=0[0m
  [4;36;1mSQL (9.4ms)[0m   [0;1mDROP DATABASE IF EXISTS `corde_test`[0m
  [4;35;1mSQL (0.4ms)[0m   [0mCREATE DATABASE `corde_test` DEFAULT CHARACTER SET `utf8`[0m
  [4;36;1mSQL (0.2ms)[0m   [0;1mSET NAMES 'utf8'[0m
  [4;35;1mSQL (0.2ms)[0m   [0mSET SQL_AUTO_IS_NULL=0[0m
  [4;36;1mSQL (0.4ms)[0m   [0;1mSHOW TABLES[0m
  [4;35;1mSQL (31.5ms)[0m   [0mCREATE TABLE `games` (`id` int(11) DEFAULT NULL auto_increment PRIMARY KEY, `boss1_id` int(11), `boss2_id` int(11), `created_at` datetime, `updated_at` datetime) ENGINE=InnoDB[0m
  [4;36;1mSQL (0.5ms)[0m   [0;1mSHOW TABLES[0m
  [4;35;1mSQL (2.9ms)[0m   [0mCREATE TABLE `players` (`id` int(11) DEFAULT NULL auto_increment PRIMARY KEY, `user_id` int(11), `game_id` int(11), `boss_id` int(11), `created_at` datetime, `updated_at` datetime) ENGINE=InnoDB[0m
  [4;36;1mSQL (0.5ms)[0m   [0;1mSHOW TABLES[0m
  [4;35;1mSQL (3.6ms)[0m   [0mCREATE TABLE `users` (`id` int(11) DEFAULT NULL auto_increment PRIMARY KEY, `name` varchar(255), `password` varchar(255), `money` int(11), `email` varchar(255), `created_at` datetime, `updated_at` datetime) ENGINE=InnoDB[0m
  [4;36;1mSQL (0.5ms)[0m   [0;1mSHOW TABLES[0m
  [4;35;1mSQL (21.8ms)[0m   [0mCREATE TABLE `schema_migrations` (`version` varchar(255) NOT NULL) ENGINE=InnoDB[0m
  [4;36;1mSQL (5.4ms)[0m   [0;1mCREATE UNIQUE INDEX `unique_schema_migrations` ON `schema_migrations` (`version`)[0m
  [4;35;1mSQL (0.5ms)[0m   [0mSHOW TABLES[0m
  [4;36;1mSQL (0.5ms)[0m   [0;1mSELECT version FROM `schema_migrations`[0m
  [4;35;1mSQL (2.6ms)[0m   [0mINSERT INTO `schema_migrations` (version) VALUES ('20090411131757')[0m
  [4;36;1mSQL (0.7ms)[0m   [0;1mINSERT INTO `schema_migrations` (version) VALUES ('20090407114010')[0m
  [4;35;1mSQL (1.0ms)[0m   [0mINSERT INTO `schema_migrations` (version) VALUES ('20090411131554')[0m
  [4;35;1mSQL (0.2ms)[0m   [0mSET NAMES 'utf8'[0m
  [4;36;1mSQL (0.3ms)[0m   [0;1mSET SQL_AUTO_IS_NULL=0[0m


Processing HomeController#signup (for 127.0.0.1 at 2009-06-22 17:13:41) [POST]
  Parameters: {"commit"=>"Sign up", "authenticity_token"=>"MtQXPRTrYOGX/q6G4KBdOIoH1/lM6kLkK2w4PXwNO6g=", "user"=>{"name"=>"lplooop", "password_confirmation"=>"iafiahfihaifh", "password"=>"iafiahfihaifh", "email"=>"ef"}}
  [4;35;1mUser Columns (2.0ms)[0m   [0mSHOW FIELDS FROM `users`[0m
  [4;36;1mSQL (0.2ms)[0m   [0;1mBEGIN[0m
  [4;35;1mUser Exists (0.7ms)[0m   [0mSELECT `users`.id FROM `users` WHERE (LOWER(`users`.`email`) = BINARY 'ef') LIMIT 1[0m
  [4;36;1mUser Exists (0.7ms)[0m   [0;1mSELECT `users`.id FROM `users` WHERE (LOWER(`users`.`name`) = BINARY 'lplooop') LIMIT 1[0m
  [4;35;1mUser Create (0.7ms)[0m   [0mINSERT INTO `users` (`name`, `created_at`, `money`, `updated_at`, `password`, `email`) VALUES('lplooop', '2009-06-23 00:13:42', 1000, '2009-06-23 00:13:42', 'iafiahfihaifh', 'ef')[0m
  [4;36;1mSQL (18.4ms)[0m   [0;1mCOMMIT[0m
Redirected to http://localhost:3000/home/me
Completed in 706ms (DB: 23) | 302 Found [http://localhost/home/signup]
  [4;35;1mSQL (0.2ms)[0m   [0mSET NAMES 'utf8'[0m
  [4;36;1mSQL (0.3ms)[0m   [0;1mSET SQL_AUTO_IS_NULL=0[0m


Processing HomeController#me (for 127.0.0.1 at 2009-06-22 17:13:42) [GET]
Redirected to http://localhost:3000/home
Completed in 9ms (DB: 1) | 302 Found [http://localhost/home/me]
  [4;35;1mSQL (0.2ms)[0m   [0mSET NAMES 'utf8'[0m
  [4;36;1mSQL (0.3ms)[0m   [0;1mSET SQL_AUTO_IS_NULL=0[0m


Processing HomeController#index (for 127.0.0.1 at 2009-06-22 17:13:42) [GET]
  [4;35;1mUser Columns (2.0ms)[0m   [0mSHOW FIELDS FROM `users`[0m
  [4;36;1mUser Load (0.7ms)[0m   [0;1mSELECT * FROM `users` [0m
Rendering home/index
Completed in 92ms (View: 58, DB: 3) | 200 OK [http://localhost/home]
  [4;35;1mSQL (0.2ms)[0m   [0mSET NAMES 'utf8'[0m
  [4;36;1mSQL (0.3ms)[0m   [0;1mSET SQL_AUTO_IS_NULL=0[0m


Processing HomeController#signup_form (for 127.0.0.1 at 2009-06-22 17:23:53) [GET]
  [4;35;1mUser Columns (1.9ms)[0m   [0mSHOW FIELDS FROM `users`[0m
Rendering home/signup_form
Completed in 108ms (View: 44, DB: 2) | 200 OK [http://localhost/home/signup_form]
  [4;36;1mSQL (0.2ms)[0m   [0;1mSET NAMES 'utf8'[0m
  [4;35;1mSQL (0.3ms)[0m   [0mSET SQL_AUTO_IS_NULL=0[0m


Processing HomeController#signup (for 127.0.0.1 at 2009-06-22 17:24:01) [POST]
  Parameters: {"commit"=>"Sign up", "authenticity_token"=>"MtQXPRTrYOGX/q6G4KBdOIoH1/lM6kLkK2w4PXwNO6g=", "user"=>{"name"=>"aaaaaaaaaa", "password_confirmation"=>"aaaaaaaaaa", "password"=>"aaaaaaaaaa", "email"=>"aaaaaaaaaa"}}
  [4;36;1mUser Columns (2.0ms)[0m   [0;1mSHOW FIELDS FROM `users`[0m
  [4;35;1mSQL (0.2ms)[0m   [0mBEGIN[0m
  [4;36;1mUser Exists (0.8ms)[0m   [0;1mSELECT `users`.id FROM `users` WHERE (LOWER(`users`.`email`) = BINARY 'aaaaaaaaaa') LIMIT 1[0m
  [4;35;1mUser Exists (0.7ms)[0m   [0mSELECT `users`.id FROM `users` WHERE (LOWER(`users`.`name`) = BINARY 'aaaaaaaaaa') LIMIT 1[0m
  [4;36;1mUser Create (0.6ms)[0m   [0;1mINSERT INTO `users` (`name`, `created_at`, `money`, `updated_at`, `password`, `email`) VALUES('aaaaaaaaaa', '2009-06-23 00:24:01', 1000, '2009-06-23 00:24:01', 'aaaaaaaaaa', 'aaaaaaaaaa')[0m
  [4;35;1mSQL (4.9ms)[0m   [0mCOMMIT[0m
Redirected to http://localhost:3000/home/confirm_signup
Completed in 62ms (DB: 10) | 302 Found [http://localhost/home/signup]
  [4;36;1mSQL (0.2ms)[0m   [0;1mSET NAMES 'utf8'[0m
  [4;35;1mSQL (0.3ms)[0m   [0mSET SQL_AUTO_IS_NULL=0[0m


Processing HomeController#confirm_signup (for 127.0.0.1 at 2009-06-22 17:24:01) [GET]
Rendering home/confirm_signup
Completed in 33ms (View: 14, DB: 1) | 200 OK [http://localhost/home/confirm_signup]
  [4;36;1mSQL (0.2ms)[0m   [0;1mSET NAMES 'utf8'[0m
  [4;35;1mSQL (0.3ms)[0m   [0mSET SQL_AUTO_IS_NULL=0[0m


Processing HomeController#me (for 127.0.0.1 at 2009-06-22 17:24:05) [GET]
Redirected to http://localhost:3000/home
Completed in 14ms (DB: 0) | 302 Found [http://localhost/home/me]
  [4;36;1mSQL (0.2ms)[0m   [0;1mSET NAMES 'utf8'[0m
  [4;35;1mSQL (0.3ms)[0m   [0mSET SQL_AUTO_IS_NULL=0[0m


Processing HomeController#index (for 127.0.0.1 at 2009-06-22 17:24:05) [GET]
  [4;36;1mUser Columns (2.0ms)[0m   [0;1mSHOW FIELDS FROM `users`[0m
  [4;35;1mUser Load (0.8ms)[0m   [0mSELECT * FROM `users` [0m
Rendering home/index
Completed in 84ms (View: 43, DB: 3) | 200 OK [http://localhost/home]
  [4;36;1mSQL (0.2ms)[0m   [0;1mSET NAMES 'utf8'[0m
  [4;35;1mSQL (0.2ms)[0m   [0mSET SQL_AUTO_IS_NULL=0[0m
  [4;36;1mSQL (0.5ms)[0m   [0;1mSHOW TABLES[0m
  [4;35;1mSQL (0.2ms)[0m   [0mSELECT version FROM schema_migrations[0m
  [4;36;1mSQL (0.2ms)[0m   [0;1mSET NAMES 'utf8'[0m
  [4;35;1mSQL (0.2ms)[0m   [0mSET SQL_AUTO_IS_NULL=0[0m
  [4;36;1mSQL (8.2ms)[0m   [0;1mDROP DATABASE IF EXISTS `corde_test`[0m
  [4;35;1mSQL (0.4ms)[0m   [0mCREATE DATABASE `corde_test` DEFAULT CHARACTER SET `utf8`[0m
  [4;36;1mSQL (0.2ms)[0m   [0;1mSET NAMES 'utf8'[0m
  [4;35;1mSQL (0.2ms)[0m   [0mSET SQL_AUTO_IS_NULL=0[0m
  [4;36;1mSQL (1.1ms)[0m   [0;1mSHOW TABLES[0m
  [4;35;1mSQL (30.8ms)[0m   [0mCREATE TABLE `games` (`id` int(11) DEFAULT NULL auto_increment PRIMARY KEY, `boss1_id` int(11), `boss2_id` int(11), `created_at` datetime, `updated_at` datetime) ENGINE=InnoDB[0m
  [4;36;1mSQL (0.5ms)[0m   [0;1mSHOW TABLES[0m
  [4;35;1mSQL (2.6ms)[0m   [0mCREATE TABLE `players` (`id` int(11) DEFAULT NULL auto_increment PRIMARY KEY, `user_id` int(11), `game_id` int(11), `boss_id` int(11), `created_at` datetime, `updated_at` datetime) ENGINE=InnoDB[0m
  [4;36;1mSQL (0.5ms)[0m   [0;1mSHOW TABLES[0m
  [4;35;1mSQL (4.8ms)[0m   [0mCREATE TABLE `users` (`id` int(11) DEFAULT NULL auto_increment PRIMARY KEY, `name` varchar(255), `password` varchar(255), `money` int(11), `email` varchar(255), `created_at` datetime, `updated_at` datetime) ENGINE=InnoDB[0m
  [4;36;1mSQL (0.5ms)[0m   [0;1mSHOW TABLES[0m
  [4;35;1mSQL (3.5ms)[0m   [0mCREATE TABLE `schema_migrations` (`version` varchar(255) NOT NULL) ENGINE=InnoDB[0m
  [4;36;1mSQL (6.7ms)[0m   [0;1mCREATE UNIQUE INDEX `unique_schema_migrations` ON `schema_migrations` (`version`)[0m
  [4;35;1mSQL (0.5ms)[0m   [0mSHOW TABLES[0m
  [4;36;1mSQL (0.5ms)[0m   [0;1mSELECT version FROM `schema_migrations`[0m
  [4;35;1mSQL (1.4ms)[0m   [0mINSERT INTO `schema_migrations` (version) VALUES ('20090411131757')[0m
  [4;36;1mSQL (0.7ms)[0m   [0;1mINSERT INTO `schema_migrations` (version) VALUES ('20090407114010')[0m
  [4;35;1mSQL (0.7ms)[0m   [0mINSERT INTO `schema_migrations` (version) VALUES ('20090411131554')[0m
  [4;36;1mSQL (0.2ms)[0m   [0;1mSET NAMES 'utf8'[0m
  [4;35;1mSQL (0.3ms)[0m   [0mSET SQL_AUTO_IS_NULL=0[0m


Processing HomeController#signup_form (for 127.0.0.1 at 2009-06-22 17:32:29) [GET]
  [4;36;1mUser Columns (2.5ms)[0m   [0;1mSHOW FIELDS FROM `users`[0m
Rendering home/signup_form
Completed in 321ms (View: 48, DB: 3) | 200 OK [http://localhost/home/signup_form]
  [4;35;1mSQL (0.2ms)[0m   [0mSET NAMES 'utf8'[0m
  [4;36;1mSQL (0.3ms)[0m   [0;1mSET SQL_AUTO_IS_NULL=0[0m


Processing HomeController#signup (for 127.0.0.1 at 2009-06-22 17:32:43) [POST]
  Parameters: {"commit"=>"Sign up", "authenticity_token"=>"MtQXPRTrYOGX/q6G4KBdOIoH1/lM6kLkK2w4PXwNO6g=", "user"=>{"name"=>"aaaaaaaaaaz", "password_confirmation"=>"pp", "password"=>"p", "email"=>"asas"}}
  [4;35;1mUser Columns (2.0ms)[0m   [0mSHOW FIELDS FROM `users`[0m
  [4;36;1mSQL (0.3ms)[0m   [0;1mBEGIN[0m
  [4;35;1mUser Exists (0.8ms)[0m   [0mSELECT `users`.id FROM `users` WHERE (LOWER(`users`.`email`) = BINARY 'asas') LIMIT 1[0m
  [4;36;1mUser Exists (0.7ms)[0m   [0;1mSELECT `users`.id FROM `users` WHERE (LOWER(`users`.`name`) = BINARY 'aaaaaaaaaaz') LIMIT 1[0m
  [4;35;1mSQL (0.3ms)[0m   [0mROLLBACK[0m
Rendering home/signup
Completed in 113ms (View: 39, DB: 5) | 200 OK [http://localhost/home/signup]
